{"/Users/deekatar/Documents/pokemon-latest/pokedex-development/src/App.tsx": {"path":"/Users/deekatar/Documents/pokemon-latest/pokedex-development/src/App.tsx","statementMap":{"0":{"start":{"line":8,"column":17},"end":{"line":8,"column":67}},"1":{"start":{"line":8,"column":34},"end":{"line":8,"column":66}},"2":{"start":{"line":9,"column":19},"end":{"line":9,"column":75}},"3":{"start":{"line":9,"column":36},"end":{"line":9,"column":74}},"4":{"start":{"line":12,"column":2},"end":{"line":35,"column":4}}},"fnMap":{"0":{"name":"(anonymous_0)","decl":{"start":{"line":8,"column":28},"end":{"line":8,"column":29}},"loc":{"start":{"line":8,"column":34},"end":{"line":8,"column":66}},"line":8},"1":{"name":"(anonymous_1)","decl":{"start":{"line":9,"column":30},"end":{"line":9,"column":31}},"loc":{"start":{"line":9,"column":36},"end":{"line":9,"column":74}},"line":9},"2":{"name":"App","decl":{"start":{"line":11,"column":9},"end":{"line":11,"column":12}},"loc":{"start":{"line":11,"column":15},"end":{"line":36,"column":1}},"line":11}},"branchMap":{},"s":{"0":1,"1":1,"2":1,"3":0,"4":1},"f":{"0":1,"1":0,"2":1},"b":{},"_coverageSchema":"1a1c01bbd47fc00a2c39e90264f33305004495a9","hash":"f340f6c0366487dda95d37df7376d6cc84295295"}
,"/Users/deekatar/Documents/pokemon-latest/pokedex-development/src/declarations.d.ts": {"path":"/Users/deekatar/Documents/pokemon-latest/pokedex-development/src/declarations.d.ts","statementMap":{},"fnMap":{},"branchMap":{},"s":{},"f":{},"b":{}}
,"/Users/deekatar/Documents/pokemon-latest/pokedex-development/src/components/filter/filter.tsx": {"path":"/Users/deekatar/Documents/pokemon-latest/pokedex-development/src/components/filter/filter.tsx","statementMap":{"0":{"start":{"line":17,"column":44},"end":{"line":168,"column":1}},"1":{"start":{"line":18,"column":91},"end":{"line":18,"column":117}},"2":{"start":{"line":19,"column":66},"end":{"line":19,"column":71}},"3":{"start":{"line":20,"column":52},"end":{"line":20,"column":67}},"4":{"start":{"line":21,"column":56},"end":{"line":21,"column":71}},"5":{"start":{"line":22,"column":35},"end":{"line":22,"column":48}},"6":{"start":{"line":23,"column":30},"end":{"line":23,"column":61}},"7":{"start":{"line":23,"column":36},"end":{"line":23,"column":61}},"8":{"start":{"line":24,"column":31},"end":{"line":24,"column":63}},"9":{"start":{"line":24,"column":37},"end":{"line":24,"column":63}},"10":{"start":{"line":25,"column":32},"end":{"line":25,"column":65}},"11":{"start":{"line":25,"column":38},"end":{"line":25,"column":65}},"12":{"start":{"line":26,"column":33},"end":{"line":26,"column":67}},"13":{"start":{"line":26,"column":39},"end":{"line":26,"column":67}},"14":{"start":{"line":27,"column":31},"end":{"line":31,"column":5}},"15":{"start":{"line":28,"column":8},"end":{"line":30,"column":9}},"16":{"start":{"line":29,"column":12},"end":{"line":29,"column":40}},"17":{"start":{"line":32,"column":34},"end":{"line":55,"column":5}},"18":{"start":{"line":33,"column":8},"end":{"line":33,"column":31}},"19":{"start":{"line":34,"column":8},"end":{"line":34,"column":29}},"20":{"start":{"line":35,"column":8},"end":{"line":35,"column":28}},"21":{"start":{"line":36,"column":8},"end":{"line":47,"column":9}},"22":{"start":{"line":37,"column":12},"end":{"line":37,"column":39}},"23":{"start":{"line":38,"column":12},"end":{"line":42,"column":14}},"24":{"start":{"line":41,"column":40},"end":{"line":41,"column":123}},"25":{"start":{"line":41,"column":65},"end":{"line":41,"column":122}},"26":{"start":{"line":44,"column":12},"end":{"line":44,"column":34}},"27":{"start":{"line":45,"column":12},"end":{"line":45,"column":33}},"28":{"start":{"line":46,"column":12},"end":{"line":46,"column":40}},"29":{"start":{"line":48,"column":8},"end":{"line":53,"column":11}},"30":{"start":{"line":49,"column":12},"end":{"line":51,"column":13}},"31":{"start":{"line":50,"column":16},"end":{"line":50,"column":66}},"32":{"start":{"line":52,"column":12},"end":{"line":52,"column":100}},"33":{"start":{"line":52,"column":73},"end":{"line":52,"column":96}},"34":{"start":{"line":54,"column":8},"end":{"line":54,"column":29}},"35":{"start":{"line":56,"column":32},"end":{"line":74,"column":5}},"36":{"start":{"line":57,"column":8},"end":{"line":57,"column":31}},"37":{"start":{"line":58,"column":8},"end":{"line":73,"column":9}},"38":{"start":{"line":59,"column":12},"end":{"line":59,"column":39}},"39":{"start":{"line":60,"column":12},"end":{"line":68,"column":47}},"40":{"start":{"line":61,"column":16},"end":{"line":61,"column":66}},"41":{"start":{"line":61,"column":53},"end":{"line":61,"column":64}},"42":{"start":{"line":62,"column":16},"end":{"line":62,"column":80}},"43":{"start":{"line":62,"column":67},"end":{"line":62,"column":78}},"44":{"start":{"line":63,"column":16},"end":{"line":63,"column":69}},"45":{"start":{"line":64,"column":16},"end":{"line":66,"column":17}},"46":{"start":{"line":65,"column":20},"end":{"line":65,"column":68}},"47":{"start":{"line":67,"column":16},"end":{"line":67,"column":104}},"48":{"start":{"line":67,"column":77},"end":{"line":67,"column":100}},"49":{"start":{"line":68,"column":35},"end":{"line":68,"column":45}},"50":{"start":{"line":70,"column":12},"end":{"line":70,"column":34}},"51":{"start":{"line":71,"column":12},"end":{"line":71,"column":33}},"52":{"start":{"line":72,"column":12},"end":{"line":72,"column":40}},"53":{"start":{"line":75,"column":34},"end":{"line":94,"column":5}},"54":{"start":{"line":76,"column":8},"end":{"line":76,"column":31}},"55":{"start":{"line":77,"column":8},"end":{"line":93,"column":9}},"56":{"start":{"line":78,"column":12},"end":{"line":78,"column":39}},"57":{"start":{"line":79,"column":12},"end":{"line":88,"column":47}},"58":{"start":{"line":80,"column":16},"end":{"line":80,"column":89}},"59":{"start":{"line":80,"column":53},"end":{"line":80,"column":80}},"60":{"start":{"line":81,"column":16},"end":{"line":81,"column":136}},"61":{"start":{"line":81,"column":60},"end":{"line":81,"column":134}},"62":{"start":{"line":82,"column":16},"end":{"line":82,"column":56}},"63":{"start":{"line":83,"column":16},"end":{"line":85,"column":17}},"64":{"start":{"line":84,"column":20},"end":{"line":84,"column":113}},"65":{"start":{"line":86,"column":16},"end":{"line":86,"column":76}},"66":{"start":{"line":86,"column":61},"end":{"line":86,"column":73}},"67":{"start":{"line":87,"column":16},"end":{"line":87,"column":104}},"68":{"start":{"line":87,"column":77},"end":{"line":87,"column":100}},"69":{"start":{"line":88,"column":35},"end":{"line":88,"column":45}},"70":{"start":{"line":90,"column":12},"end":{"line":90,"column":34}},"71":{"start":{"line":91,"column":12},"end":{"line":91,"column":33}},"72":{"start":{"line":92,"column":12},"end":{"line":92,"column":40}},"73":{"start":{"line":95,"column":30},"end":{"line":100,"column":5}},"74":{"start":{"line":96,"column":8},"end":{"line":99,"column":11}},"75":{"start":{"line":101,"column":28},"end":{"line":114,"column":5}},"76":{"start":{"line":102,"column":8},"end":{"line":113,"column":9}},"77":{"start":{"line":103,"column":12},"end":{"line":103,"column":112}},"78":{"start":{"line":103,"column":37},"end":{"line":103,"column":109}},"79":{"start":{"line":104,"column":12},"end":{"line":107,"column":15}},"80":{"start":{"line":109,"column":12},"end":{"line":112,"column":15}},"81":{"start":{"line":115,"column":34},"end":{"line":128,"column":5}},"82":{"start":{"line":116,"column":8},"end":{"line":116,"column":120}},"83":{"start":{"line":116,"column":45},"end":{"line":116,"column":117}},"84":{"start":{"line":117,"column":8},"end":{"line":127,"column":9}},"85":{"start":{"line":118,"column":12},"end":{"line":121,"column":15}},"86":{"start":{"line":123,"column":12},"end":{"line":126,"column":15}},"87":{"start":{"line":129,"column":30},"end":{"line":133,"column":5}},"88":{"start":{"line":130,"column":8},"end":{"line":132,"column":47}},"89":{"start":{"line":131,"column":12},"end":{"line":131,"column":41}},"90":{"start":{"line":132,"column":31},"end":{"line":132,"column":45}},"91":{"start":{"line":134,"column":34},"end":{"line":138,"column":5}},"92":{"start":{"line":135,"column":8},"end":{"line":137,"column":47}},"93":{"start":{"line":136,"column":12},"end":{"line":136,"column":47}},"94":{"start":{"line":137,"column":31},"end":{"line":137,"column":45}},"95":{"start":{"line":139,"column":4},"end":{"line":142,"column":11}},"96":{"start":{"line":140,"column":8},"end":{"line":140,"column":28}},"97":{"start":{"line":141,"column":8},"end":{"line":141,"column":32}},"98":{"start":{"line":143,"column":4},"end":{"line":167,"column":6}}},"fnMap":{"0":{"name":"(anonymous_0)","decl":{"start":{"line":17,"column":44},"end":{"line":17,"column":45}},"loc":{"start":{"line":17,"column":55},"end":{"line":168,"column":1}},"line":17},"1":{"name":"(anonymous_1)","decl":{"start":{"line":23,"column":30},"end":{"line":23,"column":31}},"loc":{"start":{"line":23,"column":36},"end":{"line":23,"column":61}},"line":23},"2":{"name":"(anonymous_2)","decl":{"start":{"line":24,"column":31},"end":{"line":24,"column":32}},"loc":{"start":{"line":24,"column":37},"end":{"line":24,"column":63}},"line":24},"3":{"name":"(anonymous_3)","decl":{"start":{"line":25,"column":32},"end":{"line":25,"column":33}},"loc":{"start":{"line":25,"column":38},"end":{"line":25,"column":65}},"line":25},"4":{"name":"(anonymous_4)","decl":{"start":{"line":26,"column":33},"end":{"line":26,"column":34}},"loc":{"start":{"line":26,"column":39},"end":{"line":26,"column":67}},"line":26},"5":{"name":"(anonymous_5)","decl":{"start":{"line":27,"column":31},"end":{"line":27,"column":32}},"loc":{"start":{"line":27,"column":64},"end":{"line":31,"column":5}},"line":27},"6":{"name":"(anonymous_6)","decl":{"start":{"line":32,"column":34},"end":{"line":32,"column":35}},"loc":{"start":{"line":32,"column":77},"end":{"line":55,"column":5}},"line":32},"7":{"name":"(anonymous_7)","decl":{"start":{"line":41,"column":20},"end":{"line":41,"column":21}},"loc":{"start":{"line":41,"column":40},"end":{"line":41,"column":123}},"line":41},"8":{"name":"(anonymous_8)","decl":{"start":{"line":41,"column":55},"end":{"line":41,"column":56}},"loc":{"start":{"line":41,"column":65},"end":{"line":41,"column":122}},"line":41},"9":{"name":"(anonymous_9)","decl":{"start":{"line":48,"column":24},"end":{"line":48,"column":25}},"loc":{"start":{"line":48,"column":48},"end":{"line":53,"column":9}},"line":48},"10":{"name":"(anonymous_10)","decl":{"start":{"line":52,"column":57},"end":{"line":52,"column":58}},"loc":{"start":{"line":52,"column":71},"end":{"line":52,"column":98}},"line":52},"11":{"name":"(anonymous_11)","decl":{"start":{"line":56,"column":32},"end":{"line":56,"column":33}},"loc":{"start":{"line":56,"column":74},"end":{"line":74,"column":5}},"line":56},"12":{"name":"(anonymous_12)","decl":{"start":{"line":60,"column":43},"end":{"line":60,"column":44}},"loc":{"start":{"line":60,"column":67},"end":{"line":68,"column":13}},"line":60},"13":{"name":"(anonymous_13)","decl":{"start":{"line":61,"column":46},"end":{"line":61,"column":47}},"loc":{"start":{"line":61,"column":53},"end":{"line":61,"column":64}},"line":61},"14":{"name":"(anonymous_14)","decl":{"start":{"line":62,"column":53},"end":{"line":62,"column":54}},"loc":{"start":{"line":62,"column":67},"end":{"line":62,"column":78}},"line":62},"15":{"name":"(anonymous_15)","decl":{"start":{"line":67,"column":61},"end":{"line":67,"column":62}},"loc":{"start":{"line":67,"column":75},"end":{"line":67,"column":102}},"line":67},"16":{"name":"(anonymous_16)","decl":{"start":{"line":68,"column":21},"end":{"line":68,"column":22}},"loc":{"start":{"line":68,"column":35},"end":{"line":68,"column":45}},"line":68},"17":{"name":"(anonymous_17)","decl":{"start":{"line":75,"column":34},"end":{"line":75,"column":35}},"loc":{"start":{"line":75,"column":76},"end":{"line":94,"column":5}},"line":75},"18":{"name":"(anonymous_18)","decl":{"start":{"line":79,"column":43},"end":{"line":79,"column":44}},"loc":{"start":{"line":79,"column":67},"end":{"line":88,"column":13}},"line":79},"19":{"name":"(anonymous_19)","decl":{"start":{"line":80,"column":46},"end":{"line":80,"column":47}},"loc":{"start":{"line":80,"column":53},"end":{"line":80,"column":80}},"line":80},"20":{"name":"(anonymous_20)","decl":{"start":{"line":81,"column":46},"end":{"line":81,"column":47}},"loc":{"start":{"line":81,"column":60},"end":{"line":81,"column":134}},"line":81},"21":{"name":"(anonymous_21)","decl":{"start":{"line":86,"column":46},"end":{"line":86,"column":47}},"loc":{"start":{"line":86,"column":61},"end":{"line":86,"column":73}},"line":86},"22":{"name":"(anonymous_22)","decl":{"start":{"line":87,"column":61},"end":{"line":87,"column":62}},"loc":{"start":{"line":87,"column":75},"end":{"line":87,"column":102}},"line":87},"23":{"name":"(anonymous_23)","decl":{"start":{"line":88,"column":21},"end":{"line":88,"column":22}},"loc":{"start":{"line":88,"column":35},"end":{"line":88,"column":45}},"line":88},"24":{"name":"(anonymous_24)","decl":{"start":{"line":95,"column":30},"end":{"line":95,"column":31}},"loc":{"start":{"line":95,"column":47},"end":{"line":100,"column":5}},"line":95},"25":{"name":"(anonymous_25)","decl":{"start":{"line":101,"column":28},"end":{"line":101,"column":29}},"loc":{"start":{"line":101,"column":45},"end":{"line":114,"column":5}},"line":101},"26":{"name":"(anonymous_26)","decl":{"start":{"line":103,"column":28},"end":{"line":103,"column":29}},"loc":{"start":{"line":103,"column":37},"end":{"line":103,"column":109}},"line":103},"27":{"name":"(anonymous_27)","decl":{"start":{"line":115,"column":34},"end":{"line":115,"column":35}},"loc":{"start":{"line":115,"column":57},"end":{"line":128,"column":5}},"line":115},"28":{"name":"(anonymous_28)","decl":{"start":{"line":116,"column":36},"end":{"line":116,"column":37}},"loc":{"start":{"line":116,"column":45},"end":{"line":116,"column":117}},"line":116},"29":{"name":"(anonymous_29)","decl":{"start":{"line":129,"column":30},"end":{"line":129,"column":31}},"loc":{"start":{"line":129,"column":42},"end":{"line":133,"column":5}},"line":129},"30":{"name":"(anonymous_30)","decl":{"start":{"line":130,"column":31},"end":{"line":130,"column":32}},"loc":{"start":{"line":130,"column":45},"end":{"line":132,"column":9}},"line":130},"31":{"name":"(anonymous_31)","decl":{"start":{"line":132,"column":17},"end":{"line":132,"column":18}},"loc":{"start":{"line":132,"column":31},"end":{"line":132,"column":45}},"line":132},"32":{"name":"(anonymous_32)","decl":{"start":{"line":134,"column":34},"end":{"line":134,"column":35}},"loc":{"start":{"line":134,"column":46},"end":{"line":138,"column":5}},"line":134},"33":{"name":"(anonymous_33)","decl":{"start":{"line":135,"column":33},"end":{"line":135,"column":34}},"loc":{"start":{"line":135,"column":47},"end":{"line":137,"column":9}},"line":135},"34":{"name":"(anonymous_34)","decl":{"start":{"line":137,"column":17},"end":{"line":137,"column":18}},"loc":{"start":{"line":137,"column":31},"end":{"line":137,"column":45}},"line":137},"35":{"name":"(anonymous_35)","decl":{"start":{"line":139,"column":14},"end":{"line":139,"column":15}},"loc":{"start":{"line":139,"column":20},"end":{"line":142,"column":5}},"line":139}},"branchMap":{"0":{"loc":{"start":{"line":28,"column":8},"end":{"line":30,"column":9}},"type":"if","locations":[{"start":{"line":28,"column":8},"end":{"line":30,"column":9}},{"start":{},"end":{}}],"line":28},"1":{"loc":{"start":{"line":36,"column":8},"end":{"line":47,"column":9}},"type":"if","locations":[{"start":{"line":36,"column":8},"end":{"line":47,"column":9}},{"start":{"line":43,"column":15},"end":{"line":47,"column":9}}],"line":36},"2":{"loc":{"start":{"line":49,"column":12},"end":{"line":51,"column":13}},"type":"if","locations":[{"start":{"line":49,"column":12},"end":{"line":51,"column":13}},{"start":{},"end":{}}],"line":49},"3":{"loc":{"start":{"line":58,"column":8},"end":{"line":73,"column":9}},"type":"if","locations":[{"start":{"line":58,"column":8},"end":{"line":73,"column":9}},{"start":{"line":69,"column":15},"end":{"line":73,"column":9}}],"line":58},"4":{"loc":{"start":{"line":64,"column":16},"end":{"line":66,"column":17}},"type":"if","locations":[{"start":{"line":64,"column":16},"end":{"line":66,"column":17}},{"start":{},"end":{}}],"line":64},"5":{"loc":{"start":{"line":77,"column":8},"end":{"line":93,"column":9}},"type":"if","locations":[{"start":{"line":77,"column":8},"end":{"line":93,"column":9}},{"start":{"line":89,"column":15},"end":{"line":93,"column":9}}],"line":77},"6":{"loc":{"start":{"line":83,"column":16},"end":{"line":85,"column":17}},"type":"if","locations":[{"start":{"line":83,"column":16},"end":{"line":85,"column":17}},{"start":{},"end":{}}],"line":83},"7":{"loc":{"start":{"line":102,"column":8},"end":{"line":113,"column":9}},"type":"if","locations":[{"start":{"line":102,"column":8},"end":{"line":113,"column":9}},{"start":{"line":108,"column":15},"end":{"line":113,"column":9}}],"line":102},"8":{"loc":{"start":{"line":117,"column":8},"end":{"line":127,"column":9}},"type":"if","locations":[{"start":{"line":117,"column":8},"end":{"line":127,"column":9}},{"start":{"line":122,"column":15},"end":{"line":127,"column":9}}],"line":117}},"s":{"0":3,"1":36,"2":35,"3":35,"4":35,"5":35,"6":35,"7":1,"8":35,"9":1,"10":35,"11":1,"12":35,"13":1,"14":35,"15":3,"16":3,"17":35,"18":7,"19":7,"20":7,"21":7,"22":5,"23":5,"24":7,"25":1018,"26":2,"27":2,"28":2,"29":7,"30":7,"31":1,"32":7,"33":5,"34":7,"35":35,"36":6,"37":6,"38":4,"39":4,"40":3,"41":1002,"42":3,"43":1002,"44":3,"45":3,"46":1,"47":3,"48":2,"49":2,"50":2,"51":2,"52":2,"53":35,"54":4,"55":4,"56":3,"57":3,"58":2,"59":2,"60":2,"61":1001,"62":2,"63":2,"64":1,"65":2,"66":61,"67":2,"68":1,"69":2,"70":1,"71":1,"72":1,"73":35,"74":13,"75":35,"76":28,"77":1,"78":2,"79":1,"80":27,"81":35,"82":28,"83":2,"84":28,"85":1,"86":27,"87":35,"88":31,"89":28,"90":1,"91":35,"92":31,"93":28,"94":1,"95":35,"96":31,"97":31,"98":35},"f":{"0":36,"1":1,"2":1,"3":1,"4":1,"5":3,"6":7,"7":7,"8":1018,"9":7,"10":5,"11":6,"12":3,"13":1002,"14":1002,"15":2,"16":2,"17":4,"18":2,"19":2,"20":1001,"21":61,"22":1,"23":2,"24":13,"25":28,"26":2,"27":28,"28":2,"29":31,"30":28,"31":1,"32":31,"33":28,"34":1,"35":31},"b":{"0":[3,0],"1":[5,2],"2":[1,6],"3":[4,2],"4":[1,2],"5":[3,1],"6":[1,1],"7":[1,27],"8":[1,27]},"_coverageSchema":"1a1c01bbd47fc00a2c39e90264f33305004495a9","hash":"71a21f43582fb14b45b787c3b7d895144eed9351"}
,"/Users/deekatar/Documents/pokemon-latest/pokedex-development/src/components/filter/multiSelectdropDown/multiSelectdropDown.tsx": {"path":"/Users/deekatar/Documents/pokemon-latest/pokedex-development/src/components/filter/multiSelectdropDown/multiSelectdropDown.tsx","statementMap":{"0":{"start":{"line":17,"column":70},"end":{"line":42,"column":1}},"1":{"start":{"line":18,"column":22},"end":{"line":20,"column":3}},"2":{"start":{"line":19,"column":4},"end":{"line":19,"column":58}},"3":{"start":{"line":19,"column":30},"end":{"line":19,"column":58}},"4":{"start":{"line":21,"column":2},"end":{"line":41,"column":4}}},"fnMap":{"0":{"name":"(anonymous_0)","decl":{"start":{"line":17,"column":70},"end":{"line":17,"column":71}},"loc":{"start":{"line":17,"column":118},"end":{"line":42,"column":1}},"line":17},"1":{"name":"(anonymous_1)","decl":{"start":{"line":18,"column":22},"end":{"line":18,"column":23}},"loc":{"start":{"line":18,"column":38},"end":{"line":20,"column":3}},"line":18}},"branchMap":{"0":{"loc":{"start":{"line":19,"column":4},"end":{"line":19,"column":58}},"type":"if","locations":[{"start":{"line":19,"column":4},"end":{"line":19,"column":58}},{"start":{},"end":{}}],"line":19},"1":{"loc":{"start":{"line":25,"column":27},"end":{"line":25,"column":65}},"type":"cond-expr","locations":[{"start":{"line":25,"column":42},"end":{"line":25,"column":60}},{"start":{"line":25,"column":63},"end":{"line":25,"column":65}}],"line":25}},"s":{"0":4,"1":71,"2":3,"3":3,"4":71},"f":{"0":71,"1":3},"b":{"0":[3,0],"1":[2,69]},"_coverageSchema":"1a1c01bbd47fc00a2c39e90264f33305004495a9","hash":"e3b26e5183cd417dca127e789d49e0f67ad74b51"}
,"/Users/deekatar/Documents/pokemon-latest/pokedex-development/src/components/filter/search/search.filter.tsx": {"path":"/Users/deekatar/Documents/pokemon-latest/pokedex-development/src/components/filter/search/search.filter.tsx","statementMap":{"0":{"start":{"line":15,"column":50},"end":{"line":31,"column":1}},"1":{"start":{"line":16,"column":4},"end":{"line":30,"column":6}}},"fnMap":{"0":{"name":"(anonymous_0)","decl":{"start":{"line":15,"column":50},"end":{"line":15,"column":51}},"loc":{"start":{"line":15,"column":110},"end":{"line":31,"column":1}},"line":15}},"branchMap":{},"s":{"0":4,"1":36},"f":{"0":36},"b":{},"_coverageSchema":"1a1c01bbd47fc00a2c39e90264f33305004495a9","hash":"f9784ef5c0d5bd70ca156909db96f5819ebc2a48"}
,"/Users/deekatar/Documents/pokemon-latest/pokedex-development/src/components/header/header.tsx": {"path":"/Users/deekatar/Documents/pokemon-latest/pokedex-development/src/components/header/header.tsx","statementMap":{"0":{"start":{"line":8,"column":38},"end":{"line":14,"column":1}},"1":{"start":{"line":9,"column":2},"end":{"line":13,"column":4}}},"fnMap":{"0":{"name":"(anonymous_0)","decl":{"start":{"line":8,"column":38},"end":{"line":8,"column":39}},"loc":{"start":{"line":8,"column":56},"end":{"line":14,"column":1}},"line":8}},"branchMap":{},"s":{"0":3,"1":3},"f":{"0":3},"b":{},"_coverageSchema":"1a1c01bbd47fc00a2c39e90264f33305004495a9","hash":"1607fddd66a282d5f93ed5016049e26edfdca367"}
,"/Users/deekatar/Documents/pokemon-latest/pokedex-development/src/components/loader/loader.tsx": {"path":"/Users/deekatar/Documents/pokemon-latest/pokedex-development/src/components/loader/loader.tsx","statementMap":{"0":{"start":{"line":8,"column":44},"end":{"line":16,"column":1}},"1":{"start":{"line":9,"column":4},"end":{"line":15,"column":6}}},"fnMap":{"0":{"name":"(anonymous_0)","decl":{"start":{"line":8,"column":44},"end":{"line":8,"column":45}},"loc":{"start":{"line":8,"column":63},"end":{"line":16,"column":1}},"line":8}},"branchMap":{},"s":{"0":3,"1":3},"f":{"0":3},"b":{},"_coverageSchema":"1a1c01bbd47fc00a2c39e90264f33305004495a9","hash":"6cdb9ced2c03cf1734c349f052000b0859bcedf6"}
,"/Users/deekatar/Documents/pokemon-latest/pokedex-development/src/components/pokemonCard/pokemonCard.tsx": {"path":"/Users/deekatar/Documents/pokemon-latest/pokedex-development/src/components/pokemonCard/pokemonCard.tsx","statementMap":{"0":{"start":{"line":12,"column":48},"end":{"line":29,"column":1}},"1":{"start":{"line":13,"column":4},"end":{"line":28,"column":6}}},"fnMap":{"0":{"name":"(anonymous_0)","decl":{"start":{"line":12,"column":48},"end":{"line":12,"column":49}},"loc":{"start":{"line":12,"column":87},"end":{"line":29,"column":1}},"line":12}},"branchMap":{"0":{"loc":{"start":{"line":12,"column":66},"end":{"line":12,"column":80}},"type":"default-arg","locations":[{"start":{"line":12,"column":78},"end":{"line":12,"column":80}}],"line":12},"1":{"loc":{"start":{"line":19,"column":30},"end":{"line":20,"column":101}},"type":"binary-expr","locations":[{"start":{"line":19,"column":30},"end":{"line":19,"column":78}},{"start":{"line":20,"column":24},"end":{"line":20,"column":52}},{"start":{"line":20,"column":56},"end":{"line":20,"column":101}}],"line":19},"2":{"loc":{"start":{"line":20,"column":59},"end":{"line":20,"column":87}},"type":"binary-expr","locations":[{"start":{"line":20,"column":59},"end":{"line":20,"column":81}},{"start":{"line":20,"column":85},"end":{"line":20,"column":87}}],"line":20},"3":{"loc":{"start":{"line":23,"column":32},"end":{"line":23,"column":48}},"type":"binary-expr","locations":[{"start":{"line":23,"column":32},"end":{"line":23,"column":42}},{"start":{"line":23,"column":46},"end":{"line":23,"column":48}}],"line":23},"4":{"loc":{"start":{"line":24,"column":27},"end":{"line":24,"column":67}},"type":"cond-expr","locations":[{"start":{"line":24,"column":38},"end":{"line":24,"column":62}},{"start":{"line":24,"column":65},"end":{"line":24,"column":67}}],"line":24}},"s":{"0":6,"1":57},"f":{"0":57},"b":{"0":[2],"1":[57,57,10],"2":[10,10],"3":[57,0],"4":[57,0]},"_coverageSchema":"1a1c01bbd47fc00a2c39e90264f33305004495a9","hash":"bc0462c3cd55fd4a25f91623fc4123999b75edd6"}
,"/Users/deekatar/Documents/pokemon-latest/pokedex-development/src/components/pokemonDetailsCard/colorfulTags/colorfulTag.tsx": {"path":"/Users/deekatar/Documents/pokemon-latest/pokedex-development/src/components/pokemonDetailsCard/colorfulTags/colorfulTag.tsx","statementMap":{"0":{"start":{"line":11,"column":48},"end":{"line":21,"column":1}},"1":{"start":{"line":12,"column":4},"end":{"line":20,"column":6}}},"fnMap":{"0":{"name":"(anonymous_0)","decl":{"start":{"line":11,"column":48},"end":{"line":11,"column":49}},"loc":{"start":{"line":11,"column":79},"end":{"line":21,"column":1}},"line":11}},"branchMap":{},"s":{"0":4,"1":38},"f":{"0":38},"b":{},"_coverageSchema":"1a1c01bbd47fc00a2c39e90264f33305004495a9","hash":"305dd698772f4c0c9aa93072b994ebabdaa29573"}
,"/Users/deekatar/Documents/pokemon-latest/pokedex-development/src/components/pokemonDetailsCard/detailsHeader/detailsHeader.tsx": {"path":"/Users/deekatar/Documents/pokemon-latest/pokedex-development/src/components/pokemonDetailsCard/detailsHeader/detailsHeader.tsx","statementMap":{"0":{"start":{"line":20,"column":52},"end":{"line":63,"column":1}},"1":{"start":{"line":21,"column":35},"end":{"line":27,"column":5}},"2":{"start":{"line":22,"column":8},"end":{"line":26,"column":9}},"3":{"start":{"line":23,"column":12},"end":{"line":23,"column":74}},"4":{"start":{"line":25,"column":12},"end":{"line":25,"column":22}},"5":{"start":{"line":28,"column":4},"end":{"line":62,"column":6}}},"fnMap":{"0":{"name":"(anonymous_0)","decl":{"start":{"line":20,"column":52},"end":{"line":20,"column":53}},"loc":{"start":{"line":20,"column":89},"end":{"line":63,"column":1}},"line":20},"1":{"name":"(anonymous_1)","decl":{"start":{"line":21,"column":35},"end":{"line":21,"column":36}},"loc":{"start":{"line":21,"column":41},"end":{"line":27,"column":5}},"line":21},"2":{"name":"(anonymous_2)","decl":{"start":{"line":47,"column":124},"end":{"line":47,"column":125}},"loc":{"start":{"line":47,"column":130},"end":{"line":47,"column":133}},"line":47},"3":{"name":"(anonymous_3)","decl":{"start":{"line":48,"column":127},"end":{"line":48,"column":128}},"loc":{"start":{"line":48,"column":133},"end":{"line":48,"column":136}},"line":48},"4":{"name":"(anonymous_4)","decl":{"start":{"line":49,"column":131},"end":{"line":49,"column":132}},"loc":{"start":{"line":49,"column":137},"end":{"line":49,"column":140}},"line":49}},"branchMap":{"0":{"loc":{"start":{"line":22,"column":8},"end":{"line":26,"column":9}},"type":"if","locations":[{"start":{"line":22,"column":8},"end":{"line":26,"column":9}},{"start":{"line":24,"column":15},"end":{"line":26,"column":9}}],"line":22},"1":{"loc":{"start":{"line":22,"column":12},"end":{"line":22,"column":58}},"type":"binary-expr","locations":[{"start":{"line":22,"column":12},"end":{"line":22,"column":23}},{"start":{"line":22,"column":27},"end":{"line":22,"column":58}}],"line":22},"2":{"loc":{"start":{"line":56,"column":29},"end":{"line":56,"column":205}},"type":"binary-expr","locations":[{"start":{"line":56,"column":29},"end":{"line":56,"column":66}},{"start":{"line":56,"column":70},"end":{"line":56,"column":205}}],"line":56}},"s":{"0":4,"1":16,"2":34,"3":32,"4":2,"5":16},"f":{"0":16,"1":34,"2":0,"3":0,"4":0},"b":{"0":[32,2],"1":[34,32],"2":[16,2]},"_coverageSchema":"1a1c01bbd47fc00a2c39e90264f33305004495a9","hash":"543543bcfff25c6827b2aa3f8621a9c3f6cf77e0"}
,"/Users/deekatar/Documents/pokemon-latest/pokedex-development/src/components/pokemonDetailsCard/evolutionChainCard/evolutionChainCard.tsx": {"path":"/Users/deekatar/Documents/pokemon-latest/pokedex-development/src/components/pokemonDetailsCard/evolutionChainCard/evolutionChainCard.tsx","statementMap":{"0":{"start":{"line":11,"column":62},"end":{"line":36,"column":1}},"1":{"start":{"line":12,"column":21},"end":{"line":12,"column":30}},"2":{"start":{"line":14,"column":4},"end":{"line":35,"column":5}},"3":{"start":{"line":19,"column":24},"end":{"line":31,"column":30}}},"fnMap":{"0":{"name":"(anonymous_0)","decl":{"start":{"line":11,"column":62},"end":{"line":11,"column":63}},"loc":{"start":{"line":11,"column":76},"end":{"line":36,"column":1}},"line":11},"1":{"name":"(anonymous_1)","decl":{"start":{"line":18,"column":34},"end":{"line":18,"column":35}},"loc":{"start":{"line":19,"column":24},"end":{"line":31,"column":30}},"line":19},"2":{"name":"(anonymous_2)","decl":{"start":{"line":28,"column":96},"end":{"line":28,"column":97}},"loc":{"start":{"line":28,"column":102},"end":{"line":28,"column":105}},"line":28}},"branchMap":{"0":{"loc":{"start":{"line":25,"column":29},"end":{"line":30,"column":39}},"type":"binary-expr","locations":[{"start":{"line":25,"column":29},"end":{"line":25,"column":58}},{"start":{"line":26,"column":32},"end":{"line":30,"column":38}}],"line":25}},"s":{"0":4,"1":13,"2":13,"3":39},"f":{"0":13,"1":39,"2":0},"b":{"0":[39,26]},"_coverageSchema":"1a1c01bbd47fc00a2c39e90264f33305004495a9","hash":"8be182a1c2f4ad37d6cd5af36fe172a204f02394"}
,"/Users/deekatar/Documents/pokemon-latest/pokedex-development/src/components/pokemonDetailsCard/propertyCard/propertyCard.tsx": {"path":"/Users/deekatar/Documents/pokemon-latest/pokedex-development/src/components/pokemonDetailsCard/propertyCard/propertyCard.tsx","statementMap":{"0":{"start":{"line":14,"column":50},"end":{"line":81,"column":1}},"1":{"start":{"line":15,"column":2},"end":{"line":80,"column":4}},"2":{"start":{"line":40,"column":107},"end":{"line":42,"column":21}},"3":{"start":{"line":50,"column":91},"end":{"line":52,"column":21}},"4":{"start":{"line":61,"column":20},"end":{"line":61,"column":143}},"5":{"start":{"line":72,"column":18},"end":{"line":72,"column":126}}},"fnMap":{"0":{"name":"(anonymous_0)","decl":{"start":{"line":14,"column":50},"end":{"line":14,"column":51}},"loc":{"start":{"line":14,"column":94},"end":{"line":81,"column":1}},"line":14},"1":{"name":"(anonymous_1)","decl":{"start":{"line":40,"column":76},"end":{"line":40,"column":77}},"loc":{"start":{"line":40,"column":107},"end":{"line":42,"column":21}},"line":40},"2":{"name":"(anonymous_2)","decl":{"start":{"line":50,"column":60},"end":{"line":50,"column":61}},"loc":{"start":{"line":50,"column":91},"end":{"line":52,"column":21}},"line":50},"3":{"name":"(anonymous_3)","decl":{"start":{"line":60,"column":56},"end":{"line":60,"column":57}},"loc":{"start":{"line":61,"column":20},"end":{"line":61,"column":143}},"line":61},"4":{"name":"(anonymous_4)","decl":{"start":{"line":71,"column":136},"end":{"line":71,"column":137}},"loc":{"start":{"line":72,"column":18},"end":{"line":72,"column":126}},"line":72}},"branchMap":{"0":{"loc":{"start":{"line":40,"column":15},"end":{"line":42,"column":24}},"type":"binary-expr","locations":[{"start":{"line":40,"column":15},"end":{"line":40,"column":44}},{"start":{"line":40,"column":49},"end":{"line":42,"column":23}}],"line":40},"1":{"loc":{"start":{"line":41,"column":17},"end":{"line":41,"column":80}},"type":"binary-expr","locations":[{"start":{"line":41,"column":17},"end":{"line":41,"column":60}},{"start":{"line":41,"column":65},"end":{"line":41,"column":79}}],"line":41},"2":{"loc":{"start":{"line":50,"column":15},"end":{"line":52,"column":24}},"type":"binary-expr","locations":[{"start":{"line":50,"column":15},"end":{"line":50,"column":36}},{"start":{"line":50,"column":41},"end":{"line":52,"column":23}}],"line":50},"3":{"loc":{"start":{"line":51,"column":17},"end":{"line":51,"column":72}},"type":"binary-expr","locations":[{"start":{"line":51,"column":17},"end":{"line":51,"column":52}},{"start":{"line":51,"column":57},"end":{"line":51,"column":71}}],"line":51},"4":{"loc":{"start":{"line":60,"column":19},"end":{"line":62,"column":21}},"type":"binary-expr","locations":[{"start":{"line":60,"column":19},"end":{"line":60,"column":36}},{"start":{"line":60,"column":41},"end":{"line":62,"column":20}}],"line":60},"5":{"loc":{"start":{"line":71,"column":17},"end":{"line":73,"column":19}},"type":"binary-expr","locations":[{"start":{"line":71,"column":17},"end":{"line":71,"column":75}},{"start":{"line":71,"column":80},"end":{"line":73,"column":18}}],"line":71}},"s":{"0":4,"1":13,"2":25,"3":25,"4":13,"5":25},"f":{"0":13,"1":25,"2":25,"3":13,"4":25},"b":{"0":[13,13],"1":[25,12],"2":[13,13],"3":[25,12],"4":[13,13],"5":[13,13]},"_coverageSchema":"1a1c01bbd47fc00a2c39e90264f33305004495a9","hash":"0503a01b04ab07cad43c0946916f22c6e1c7fd73"}
,"/Users/deekatar/Documents/pokemon-latest/pokedex-development/src/components/pokemonDetailsCard/statCard/statCard.tsx": {"path":"/Users/deekatar/Documents/pokemon-latest/pokedex-development/src/components/pokemonDetailsCard/statCard/statCard.tsx","statementMap":{"0":{"start":{"line":10,"column":42},"end":{"line":49,"column":1}},"1":{"start":{"line":11,"column":25},"end":{"line":19,"column":3}},"2":{"start":{"line":12,"column":4},"end":{"line":18,"column":5}},"3":{"start":{"line":13,"column":6},"end":{"line":13,"column":18}},"4":{"start":{"line":15,"column":34},"end":{"line":15,"column":49}},"5":{"start":{"line":16,"column":6},"end":{"line":17,"column":48}},"6":{"start":{"line":16,"column":47},"end":{"line":16,"column":104}},"7":{"start":{"line":17,"column":11},"end":{"line":17,"column":48}},"8":{"start":{"line":20,"column":2},"end":{"line":48,"column":4}},"9":{"start":{"line":30,"column":52},"end":{"line":41,"column":22}}},"fnMap":{"0":{"name":"(anonymous_0)","decl":{"start":{"line":10,"column":42},"end":{"line":10,"column":43}},"loc":{"start":{"line":10,"column":57},"end":{"line":49,"column":1}},"line":10},"1":{"name":"(anonymous_1)","decl":{"start":{"line":11,"column":25},"end":{"line":11,"column":26}},"loc":{"start":{"line":11,"column":43},"end":{"line":19,"column":3}},"line":11},"2":{"name":"(anonymous_2)","decl":{"start":{"line":30,"column":36},"end":{"line":30,"column":37}},"loc":{"start":{"line":30,"column":52},"end":{"line":41,"column":22}},"line":30}},"branchMap":{"0":{"loc":{"start":{"line":12,"column":4},"end":{"line":18,"column":5}},"type":"if","locations":[{"start":{"line":12,"column":4},"end":{"line":18,"column":5}},{"start":{"line":14,"column":11},"end":{"line":18,"column":5}}],"line":12},"1":{"loc":{"start":{"line":16,"column":6},"end":{"line":17,"column":48}},"type":"if","locations":[{"start":{"line":16,"column":6},"end":{"line":17,"column":48}},{"start":{"line":17,"column":11},"end":{"line":17,"column":48}}],"line":16},"2":{"loc":{"start":{"line":16,"column":10},"end":{"line":16,"column":45}},"type":"binary-expr","locations":[{"start":{"line":16,"column":10},"end":{"line":16,"column":33}},{"start":{"line":16,"column":37},"end":{"line":16,"column":45}}],"line":16},"3":{"loc":{"start":{"line":30,"column":17},"end":{"line":41,"column":24}},"type":"binary-expr","locations":[{"start":{"line":30,"column":17},"end":{"line":30,"column":22}},{"start":{"line":30,"column":26},"end":{"line":41,"column":24}}],"line":30}},"s":{"0":4,"1":13,"2":26,"3":13,"4":13,"5":13,"6":1,"7":12,"8":13,"9":26},"f":{"0":13,"1":26,"2":26},"b":{"0":[13,13],"1":[1,12],"2":[13,1],"3":[13,13]},"_coverageSchema":"1a1c01bbd47fc00a2c39e90264f33305004495a9","hash":"a6af745b1e30d6d7024839a63fba840346f3990a"}
,"/Users/deekatar/Documents/pokemon-latest/pokedex-development/src/constants/apiUrls.ts": {"path":"/Users/deekatar/Documents/pokemon-latest/pokedex-development/src/constants/apiUrls.ts","statementMap":{"0":{"start":{"line":1,"column":31},"end":{"line":1,"column":58}},"1":{"start":{"line":2,"column":29},"end":{"line":2,"column":31}},"2":{"start":{"line":3,"column":37},"end":{"line":3,"column":39}}},"fnMap":{},"branchMap":{},"s":{"0":7,"1":7,"2":7},"f":{},"b":{},"_coverageSchema":"1a1c01bbd47fc00a2c39e90264f33305004495a9","hash":"c529f8a2a7b56fbe07413de31943a8eff0bc5675"}
,"/Users/deekatar/Documents/pokemon-latest/pokedex-development/src/constants/pokemon.types.ts": {"path":"/Users/deekatar/Documents/pokemon-latest/pokedex-development/src/constants/pokemon.types.ts","statementMap":{"0":{"start":{"line":1,"column":28},"end":{"line":82,"column":11}},"1":{"start":{"line":84,"column":27},"end":{"line":86,"column":1}},"2":{"start":{"line":85,"column":2},"end":{"line":85,"column":114}},"3":{"start":{"line":88,"column":29},"end":{"line":106,"column":1}},"4":{"start":{"line":89,"column":2},"end":{"line":91,"column":3}},"5":{"start":{"line":90,"column":4},"end":{"line":90,"column":34}},"6":{"start":{"line":93,"column":40},"end":{"line":93,"column":67}},"7":{"start":{"line":94,"column":2},"end":{"line":96,"column":3}},"8":{"start":{"line":95,"column":4},"end":{"line":95,"column":34}},"9":{"start":{"line":98,"column":2},"end":{"line":103,"column":3}},"10":{"start":{"line":99,"column":42},"end":{"line":99,"column":69}},"11":{"start":{"line":100,"column":4},"end":{"line":102,"column":5}},"12":{"start":{"line":101,"column":6},"end":{"line":101,"column":101}},"13":{"start":{"line":105,"column":2},"end":{"line":105,"column":32}},"14":{"start":{"line":108,"column":37},"end":{"line":120,"column":1}},"15":{"start":{"line":109,"column":2},"end":{"line":118,"column":3}},"16":{"start":{"line":110,"column":38},"end":{"line":110,"column":40}},"17":{"start":{"line":111,"column":4},"end":{"line":117,"column":11}},"18":{"start":{"line":112,"column":6},"end":{"line":115,"column":7}},"19":{"start":{"line":113,"column":8},"end":{"line":113,"column":47}},"20":{"start":{"line":114,"column":8},"end":{"line":114,"column":62}},"21":{"start":{"line":116,"column":6},"end":{"line":116,"column":17}},"22":{"start":{"line":119,"column":2},"end":{"line":119,"column":12}},"23":{"start":{"line":122,"column":34},"end":{"line":125,"column":1}},"24":{"start":{"line":123,"column":2},"end":{"line":123,"column":22}},"25":{"start":{"line":123,"column":12},"end":{"line":123,"column":22}},"26":{"start":{"line":124,"column":2},"end":{"line":124,"column":52}}},"fnMap":{"0":{"name":"(anonymous_0)","decl":{"start":{"line":84,"column":27},"end":{"line":84,"column":28}},"loc":{"start":{"line":84,"column":53},"end":{"line":86,"column":1}},"line":84},"1":{"name":"(anonymous_1)","decl":{"start":{"line":88,"column":29},"end":{"line":88,"column":30}},"loc":{"start":{"line":88,"column":70},"end":{"line":106,"column":1}},"line":88},"2":{"name":"(anonymous_2)","decl":{"start":{"line":108,"column":37},"end":{"line":108,"column":38}},"loc":{"start":{"line":108,"column":67},"end":{"line":120,"column":1}},"line":108},"3":{"name":"(anonymous_3)","decl":{"start":{"line":111,"column":23},"end":{"line":111,"column":24}},"loc":{"start":{"line":111,"column":51},"end":{"line":117,"column":5}},"line":111},"4":{"name":"(anonymous_4)","decl":{"start":{"line":122,"column":34},"end":{"line":122,"column":35}},"loc":{"start":{"line":122,"column":64},"end":{"line":125,"column":1}},"line":122}},"branchMap":{"0":{"loc":{"start":{"line":85,"column":9},"end":{"line":85,"column":113}},"type":"cond-expr","locations":[{"start":{"line":85,"column":39},"end":{"line":85,"column":72}},{"start":{"line":85,"column":75},"end":{"line":85,"column":113}}],"line":85},"1":{"loc":{"start":{"line":89,"column":2},"end":{"line":91,"column":3}},"type":"if","locations":[{"start":{"line":89,"column":2},"end":{"line":91,"column":3}},{"start":{},"end":{}}],"line":89},"2":{"loc":{"start":{"line":89,"column":6},"end":{"line":89,"column":63}},"type":"binary-expr","locations":[{"start":{"line":89,"column":6},"end":{"line":89,"column":34}},{"start":{"line":89,"column":38},"end":{"line":89,"column":63}}],"line":89},"3":{"loc":{"start":{"line":94,"column":2},"end":{"line":96,"column":3}},"type":"if","locations":[{"start":{"line":94,"column":2},"end":{"line":96,"column":3}},{"start":{},"end":{}}],"line":94},"4":{"loc":{"start":{"line":98,"column":2},"end":{"line":103,"column":3}},"type":"if","locations":[{"start":{"line":98,"column":2},"end":{"line":103,"column":3}},{"start":{},"end":{}}],"line":98},"5":{"loc":{"start":{"line":100,"column":4},"end":{"line":102,"column":5}},"type":"if","locations":[{"start":{"line":100,"column":4},"end":{"line":102,"column":5}},{"start":{},"end":{}}],"line":100},"6":{"loc":{"start":{"line":108,"column":38},"end":{"line":108,"column":54}},"type":"default-arg","locations":[{"start":{"line":108,"column":52},"end":{"line":108,"column":54}}],"line":108},"7":{"loc":{"start":{"line":109,"column":2},"end":{"line":118,"column":3}},"type":"if","locations":[{"start":{"line":109,"column":2},"end":{"line":118,"column":3}},{"start":{},"end":{}}],"line":109},"8":{"loc":{"start":{"line":112,"column":6},"end":{"line":115,"column":7}},"type":"if","locations":[{"start":{"line":112,"column":6},"end":{"line":115,"column":7}},{"start":{},"end":{}}],"line":112},"9":{"loc":{"start":{"line":112,"column":10},"end":{"line":112,"column":84}},"type":"binary-expr","locations":[{"start":{"line":112,"column":10},"end":{"line":112,"column":37}},{"start":{"line":112,"column":41},"end":{"line":112,"column":84}}],"line":112},"10":{"loc":{"start":{"line":122,"column":35},"end":{"line":122,"column":51}},"type":"default-arg","locations":[{"start":{"line":122,"column":49},"end":{"line":122,"column":51}}],"line":122},"11":{"loc":{"start":{"line":123,"column":2},"end":{"line":123,"column":22}},"type":"if","locations":[{"start":{"line":123,"column":2},"end":{"line":123,"column":22}},{"start":{},"end":{}}],"line":123}},"s":{"0":10,"1":10,"2":100,"3":10,"4":59,"5":1,"6":58,"7":58,"8":0,"9":58,"10":1,"11":1,"12":1,"13":57,"14":10,"15":33,"16":31,"17":31,"18":33,"19":31,"20":31,"21":2,"22":2,"23":10,"24":107,"25":1,"26":106},"f":{"0":100,"1":59,"2":33,"3":33,"4":107},"b":{"0":[99,1],"1":[1,58],"2":[59,58],"3":[0,58],"4":[1,57],"5":[1,0],"6":[0],"7":[31,2],"8":[31,2],"9":[33,32],"10":[0],"11":[1,106]},"_coverageSchema":"1a1c01bbd47fc00a2c39e90264f33305004495a9","hash":"0ba637c0de5ff1246ed265e3ca0016545cd8a279"}
,"/Users/deekatar/Documents/pokemon-latest/pokedex-development/src/constants/routepaths.ts": {"path":"/Users/deekatar/Documents/pokemon-latest/pokedex-development/src/constants/routepaths.ts","statementMap":{"0":{"start":{"line":1,"column":22},"end":{"line":4,"column":10}}},"fnMap":{},"branchMap":{},"s":{"0":1},"f":{},"b":{},"_coverageSchema":"1a1c01bbd47fc00a2c39e90264f33305004495a9","hash":"b461839de98c6eff8bad47d82a32cc1a45d0b3e4"}
,"/Users/deekatar/Documents/pokemon-latest/pokedex-development/src/context/pokemonContext/pokemon.provider.tsx": {"path":"/Users/deekatar/Documents/pokemon-latest/pokedex-development/src/context/pokemonContext/pokemon.provider.tsx","statementMap":{"0":{"start":{"line":9,"column":63},"end":{"line":89,"column":1}},"1":{"start":{"line":10,"column":28},"end":{"line":10,"column":61}},"2":{"start":{"line":11,"column":19},"end":{"line":11,"column":46}},"3":{"start":{"line":13,"column":40},"end":{"line":13,"column":80}},"4":{"start":{"line":14,"column":2},"end":{"line":14,"column":32}},"5":{"start":{"line":16,"column":24},"end":{"line":21,"column":3}},"6":{"start":{"line":17,"column":4},"end":{"line":20,"column":7}},"7":{"start":{"line":22,"column":36},"end":{"line":27,"column":3}},"8":{"start":{"line":23,"column":4},"end":{"line":26,"column":7}},"9":{"start":{"line":29,"column":25},"end":{"line":42,"column":3}},"10":{"start":{"line":30,"column":4},"end":{"line":32,"column":5}},"11":{"start":{"line":31,"column":6},"end":{"line":31,"column":36}},"12":{"start":{"line":33,"column":4},"end":{"line":33,"column":34}},"13":{"start":{"line":33,"column":27},"end":{"line":33,"column":34}},"14":{"start":{"line":34,"column":4},"end":{"line":34,"column":36}},"15":{"start":{"line":35,"column":17},"end":{"line":35,"column":46}},"16":{"start":{"line":36,"column":30},"end":{"line":36,"column":47}},"17":{"start":{"line":38,"column":4},"end":{"line":38,"column":28}},"18":{"start":{"line":39,"column":25},"end":{"line":39,"column":66}},"19":{"start":{"line":40,"column":4},"end":{"line":40,"column":33}},"20":{"start":{"line":41,"column":4},"end":{"line":41,"column":37}},"21":{"start":{"line":44,"column":37},"end":{"line":53,"column":3}},"22":{"start":{"line":45,"column":32},"end":{"line":51,"column":5}},"23":{"start":{"line":47,"column":25},"end":{"line":47,"column":49}},"24":{"start":{"line":48,"column":20},"end":{"line":48,"column":35}},"25":{"start":{"line":49,"column":8},"end":{"line":49,"column":19}},"26":{"start":{"line":52,"column":4},"end":{"line":52,"column":30}},"27":{"start":{"line":55,"column":32},"end":{"line":62,"column":3}},"28":{"start":{"line":56,"column":17},"end":{"line":56,"column":43}},"29":{"start":{"line":57,"column":24},"end":{"line":57,"column":41}},"30":{"start":{"line":58,"column":4},"end":{"line":61,"column":7}},"31":{"start":{"line":64,"column":25},"end":{"line":69,"column":3}},"32":{"start":{"line":65,"column":4},"end":{"line":68,"column":7}},"33":{"start":{"line":71,"column":2},"end":{"line":74,"column":9}},"34":{"start":{"line":72,"column":4},"end":{"line":72,"column":73}},"35":{"start":{"line":72,"column":32},"end":{"line":72,"column":71}},"36":{"start":{"line":73,"column":4},"end":{"line":73,"column":28}},"37":{"start":{"line":76,"column":2},"end":{"line":88,"column":4}}},"fnMap":{"0":{"name":"(anonymous_0)","decl":{"start":{"line":9,"column":63},"end":{"line":9,"column":64}},"loc":{"start":{"line":9,"column":81},"end":{"line":89,"column":1}},"line":9},"1":{"name":"(anonymous_1)","decl":{"start":{"line":16,"column":24},"end":{"line":16,"column":25}},"loc":{"start":{"line":16,"column":46},"end":{"line":21,"column":3}},"line":16},"2":{"name":"(anonymous_2)","decl":{"start":{"line":22,"column":36},"end":{"line":22,"column":37}},"loc":{"start":{"line":22,"column":58},"end":{"line":27,"column":3}},"line":22},"3":{"name":"(anonymous_3)","decl":{"start":{"line":29,"column":25},"end":{"line":29,"column":26}},"loc":{"start":{"line":29,"column":61},"end":{"line":42,"column":3}},"line":29},"4":{"name":"(anonymous_4)","decl":{"start":{"line":44,"column":37},"end":{"line":44,"column":38}},"loc":{"start":{"line":44,"column":63},"end":{"line":53,"column":3}},"line":44},"5":{"name":"(anonymous_5)","decl":{"start":{"line":46,"column":18},"end":{"line":46,"column":19}},"loc":{"start":{"line":46,"column":42},"end":{"line":50,"column":7}},"line":46},"6":{"name":"(anonymous_6)","decl":{"start":{"line":55,"column":32},"end":{"line":55,"column":33}},"loc":{"start":{"line":55,"column":44},"end":{"line":62,"column":3}},"line":55},"7":{"name":"(anonymous_7)","decl":{"start":{"line":64,"column":25},"end":{"line":64,"column":26}},"loc":{"start":{"line":64,"column":50},"end":{"line":69,"column":3}},"line":64},"8":{"name":"(anonymous_8)","decl":{"start":{"line":71,"column":12},"end":{"line":71,"column":13}},"loc":{"start":{"line":71,"column":18},"end":{"line":74,"column":3}},"line":71},"9":{"name":"(anonymous_9)","decl":{"start":{"line":72,"column":26},"end":{"line":72,"column":27}},"loc":{"start":{"line":72,"column":32},"end":{"line":72,"column":71}},"line":72}},"branchMap":{"0":{"loc":{"start":{"line":29,"column":32},"end":{"line":29,"column":56}},"type":"default-arg","locations":[{"start":{"line":29,"column":51},"end":{"line":29,"column":56}}],"line":29},"1":{"loc":{"start":{"line":30,"column":4},"end":{"line":32,"column":5}},"type":"if","locations":[{"start":{"line":30,"column":4},"end":{"line":32,"column":5}},{"start":{},"end":{}}],"line":30},"2":{"loc":{"start":{"line":33,"column":4},"end":{"line":33,"column":34}},"type":"if","locations":[{"start":{"line":33,"column":4},"end":{"line":33,"column":34}},{"start":{},"end":{}}],"line":33},"3":{"loc":{"start":{"line":72,"column":32},"end":{"line":72,"column":71}},"type":"binary-expr","locations":[{"start":{"line":72,"column":32},"end":{"line":72,"column":47}},{"start":{"line":72,"column":51},"end":{"line":72,"column":71}}],"line":72}},"s":{"0":2,"1":24,"2":24,"3":24,"4":24,"5":24,"6":8,"7":24,"8":17,"9":24,"10":9,"11":1,"12":9,"13":0,"14":9,"15":9,"16":8,"17":8,"18":8,"19":8,"20":8,"21":24,"22":8,"23":16,"24":16,"25":16,"26":8,"27":24,"28":8,"29":7,"30":7,"31":24,"32":8,"33":24,"34":8,"35":7,"36":8,"37":24},"f":{"0":24,"1":8,"2":17,"3":9,"4":8,"5":16,"6":8,"7":8,"8":8,"9":7},"b":{"0":[8],"1":[1,8],"2":[0,9],"3":[7,7]},"_coverageSchema":"1a1c01bbd47fc00a2c39e90264f33305004495a9","hash":"625e89845a6ed069894c4603af36c3dee7c2203b"}
,"/Users/deekatar/Documents/pokemon-latest/pokedex-development/src/context/pokemonContext/pokmon.context.ts": {"path":"/Users/deekatar/Documents/pokemon-latest/pokedex-development/src/context/pokemonContext/pokmon.context.ts","statementMap":{"0":{"start":{"line":4,"column":23},"end":{"line":4,"column":62}}},"fnMap":{},"branchMap":{},"s":{"0":4},"f":{},"b":{},"_coverageSchema":"1a1c01bbd47fc00a2c39e90264f33305004495a9","hash":"4131925dfd117bb52c9a673afcada4d7ac37500f"}
,"/Users/deekatar/Documents/pokemon-latest/pokedex-development/src/hooks/tooltip/tooltip.tsx": {"path":"/Users/deekatar/Documents/pokemon-latest/pokedex-development/src/hooks/tooltip/tooltip.tsx","statementMap":{"0":{"start":{"line":5,"column":26},"end":{"line":25,"column":1}},"1":{"start":{"line":6,"column":36},"end":{"line":6,"column":51}},"2":{"start":{"line":7,"column":32},"end":{"line":7,"column":44}},"3":{"start":{"line":9,"column":22},"end":{"line":12,"column":3}},"4":{"start":{"line":10,"column":4},"end":{"line":10,"column":31}},"5":{"start":{"line":11,"column":4},"end":{"line":11,"column":23}},"6":{"start":{"line":14,"column":22},"end":{"line":17,"column":3}},"7":{"start":{"line":15,"column":4},"end":{"line":15,"column":24}},"8":{"start":{"line":16,"column":4},"end":{"line":16,"column":19}},"9":{"start":{"line":19,"column":2},"end":{"line":24,"column":4}},"10":{"start":{"line":34,"column":23},"end":{"line":40,"column":2}},"11":{"start":{"line":35,"column":2},"end":{"line":39,"column":4}},"12":{"start":{"line":50,"column":53},"end":{"line":59,"column":1}},"13":{"start":{"line":51,"column":2},"end":{"line":58,"column":12}}},"fnMap":{"0":{"name":"(anonymous_0)","decl":{"start":{"line":5,"column":26},"end":{"line":5,"column":27}},"loc":{"start":{"line":5,"column":32},"end":{"line":25,"column":1}},"line":5},"1":{"name":"(anonymous_1)","decl":{"start":{"line":9,"column":22},"end":{"line":9,"column":23}},"loc":{"start":{"line":9,"column":50},"end":{"line":12,"column":3}},"line":9},"2":{"name":"(anonymous_2)","decl":{"start":{"line":14,"column":22},"end":{"line":14,"column":23}},"loc":{"start":{"line":14,"column":28},"end":{"line":17,"column":3}},"line":14},"3":{"name":"(anonymous_3)","decl":{"start":{"line":34,"column":71},"end":{"line":34,"column":72}},"loc":{"start":{"line":34,"column":114},"end":{"line":40,"column":1}},"line":34},"4":{"name":"(anonymous_4)","decl":{"start":{"line":50,"column":53},"end":{"line":50,"column":54}},"loc":{"start":{"line":51,"column":2},"end":{"line":58,"column":12}},"line":51}},"branchMap":{},"s":{"0":5,"1":5,"2":5,"3":5,"4":2,"5":2,"6":5,"7":1,"8":1,"9":5,"10":5,"11":0,"12":5,"13":2},"f":{"0":5,"1":2,"2":1,"3":0,"4":2},"b":{},"_coverageSchema":"1a1c01bbd47fc00a2c39e90264f33305004495a9","hash":"abc2ab3e0dae22f142971164724e42894a76c335"}
,"/Users/deekatar/Documents/pokemon-latest/pokedex-development/src/pages/details/details.page.tsx": {"path":"/Users/deekatar/Documents/pokemon-latest/pokedex-development/src/pages/details/details.page.tsx","statementMap":{"0":{"start":{"line":10,"column":34},"end":{"line":93,"column":1}},"1":{"start":{"line":11,"column":50},"end":{"line":11,"column":77}},"2":{"start":{"line":12,"column":22},"end":{"line":12,"column":41}},"3":{"start":{"line":12,"column":28},"end":{"line":12,"column":41}},"4":{"start":{"line":13,"column":33},"end":{"line":13,"column":48}},"5":{"start":{"line":14,"column":40},"end":{"line":14,"column":63}},"6":{"start":{"line":15,"column":39},"end":{"line":15,"column":72}},"7":{"start":{"line":16,"column":54},"end":{"line":16,"column":69}},"8":{"start":{"line":17,"column":48},"end":{"line":17,"column":63}},"9":{"start":{"line":19,"column":2},"end":{"line":31,"column":25}},"10":{"start":{"line":20,"column":4},"end":{"line":20,"column":34}},"11":{"start":{"line":20,"column":27},"end":{"line":20,"column":34}},"12":{"start":{"line":21,"column":4},"end":{"line":30,"column":9}},"13":{"start":{"line":22,"column":6},"end":{"line":22,"column":22}},"14":{"start":{"line":23,"column":23},"end":{"line":23,"column":65}},"15":{"start":{"line":24,"column":6},"end":{"line":24,"column":31}},"16":{"start":{"line":25,"column":6},"end":{"line":25,"column":24}},"17":{"start":{"line":26,"column":22},"end":{"line":26,"column":64}},"18":{"start":{"line":27,"column":6},"end":{"line":27,"column":37}},"19":{"start":{"line":28,"column":23},"end":{"line":28,"column":66}},"20":{"start":{"line":29,"column":6},"end":{"line":29,"column":35}},"21":{"start":{"line":33,"column":29},"end":{"line":36,"column":3}},"22":{"start":{"line":34,"column":4},"end":{"line":34,"column":44}},"23":{"start":{"line":34,"column":37},"end":{"line":34,"column":44}},"24":{"start":{"line":35,"column":4},"end":{"line":35,"column":46}},"25":{"start":{"line":37,"column":30},"end":{"line":40,"column":3}},"26":{"start":{"line":38,"column":4},"end":{"line":38,"column":39}},"27":{"start":{"line":38,"column":32},"end":{"line":38,"column":39}},"28":{"start":{"line":39,"column":4},"end":{"line":39,"column":46}},"29":{"start":{"line":42,"column":21},"end":{"line":44,"column":3}},"30":{"start":{"line":43,"column":4},"end":{"line":43,"column":24}},"31":{"start":{"line":46,"column":2},"end":{"line":92,"column":3}},"32":{"start":{"line":54,"column":10},"end":{"line":54,"column":31}}},"fnMap":{"0":{"name":"(anonymous_0)","decl":{"start":{"line":10,"column":34},"end":{"line":10,"column":35}},"loc":{"start":{"line":10,"column":90},"end":{"line":93,"column":1}},"line":10},"1":{"name":"(anonymous_1)","decl":{"start":{"line":12,"column":22},"end":{"line":12,"column":23}},"loc":{"start":{"line":12,"column":28},"end":{"line":12,"column":41}},"line":12},"2":{"name":"(anonymous_2)","decl":{"start":{"line":19,"column":12},"end":{"line":19,"column":13}},"loc":{"start":{"line":19,"column":18},"end":{"line":31,"column":3}},"line":19},"3":{"name":"setPokemonDetails","decl":{"start":{"line":21,"column":20},"end":{"line":21,"column":37}},"loc":{"start":{"line":21,"column":40},"end":{"line":30,"column":5}},"line":21},"4":{"name":"(anonymous_4)","decl":{"start":{"line":33,"column":29},"end":{"line":33,"column":30}},"loc":{"start":{"line":33,"column":35},"end":{"line":36,"column":3}},"line":33},"5":{"name":"(anonymous_5)","decl":{"start":{"line":37,"column":30},"end":{"line":37,"column":31}},"loc":{"start":{"line":37,"column":36},"end":{"line":40,"column":3}},"line":37},"6":{"name":"(anonymous_6)","decl":{"start":{"line":42,"column":21},"end":{"line":42,"column":22}},"loc":{"start":{"line":42,"column":27},"end":{"line":44,"column":3}},"line":42},"7":{"name":"(anonymous_7)","decl":{"start":{"line":53,"column":18},"end":{"line":53,"column":19}},"loc":{"start":{"line":53,"column":24},"end":{"line":55,"column":9}},"line":53}},"branchMap":{"0":{"loc":{"start":{"line":20,"column":4},"end":{"line":20,"column":34}},"type":"if","locations":[{"start":{"line":20,"column":4},"end":{"line":20,"column":34}},{"start":{},"end":{}}],"line":20},"1":{"loc":{"start":{"line":34,"column":4},"end":{"line":34,"column":44}},"type":"if","locations":[{"start":{"line":34,"column":4},"end":{"line":34,"column":44}},{"start":{},"end":{}}],"line":34},"2":{"loc":{"start":{"line":38,"column":4},"end":{"line":38,"column":39}},"type":"if","locations":[{"start":{"line":38,"column":4},"end":{"line":38,"column":39}},{"start":{},"end":{}}],"line":38},"3":{"loc":{"start":{"line":57,"column":9},"end":{"line":88,"column":9}},"type":"cond-expr","locations":[{"start":{"line":58,"column":10},"end":{"line":82,"column":13}},{"start":{"line":85,"column":10},"end":{"line":87,"column":16}}],"line":57},"4":{"loc":{"start":{"line":61,"column":17},"end":{"line":61,"column":117}},"type":"binary-expr","locations":[{"start":{"line":61,"column":17},"end":{"line":61,"column":32}},{"start":{"line":61,"column":36},"end":{"line":61,"column":117}}],"line":61},"5":{"loc":{"start":{"line":62,"column":17},"end":{"line":65,"column":24}},"type":"binary-expr","locations":[{"start":{"line":62,"column":17},"end":{"line":62,"column":33}},{"start":{"line":63,"column":18},"end":{"line":65,"column":24}}],"line":62},"6":{"loc":{"start":{"line":68,"column":19},"end":{"line":68,"column":135}},"type":"binary-expr","locations":[{"start":{"line":68,"column":19},"end":{"line":68,"column":34}},{"start":{"line":68,"column":39},"end":{"line":68,"column":134}}],"line":68},"7":{"loc":{"start":{"line":71,"column":19},"end":{"line":71,"column":66}},"type":"binary-expr","locations":[{"start":{"line":71,"column":19},"end":{"line":71,"column":29}},{"start":{"line":71,"column":34},"end":{"line":71,"column":65}}],"line":71}},"s":{"0":3,"1":21,"2":21,"3":0,"4":21,"5":21,"6":21,"7":21,"8":21,"9":21,"10":10,"11":0,"12":10,"13":10,"14":10,"15":10,"16":10,"17":10,"18":10,"19":10,"20":10,"21":21,"22":1,"23":0,"24":1,"25":21,"26":1,"27":1,"28":0,"29":21,"30":0,"31":21,"32":0},"f":{"0":21,"1":0,"2":10,"3":10,"4":1,"5":1,"6":0,"7":0},"b":{"0":[0,10],"1":[0,1],"2":[1,0],"3":[12,9],"4":[12,1],"5":[12,11],"6":[12,12],"7":[12,12]},"_coverageSchema":"1a1c01bbd47fc00a2c39e90264f33305004495a9","hash":"5a4991dfb9fd0b9cf61d19063015e55e3422df43"}
,"/Users/deekatar/Documents/pokemon-latest/pokedex-development/src/pages/home/home.page.tsx": {"path":"/Users/deekatar/Documents/pokemon-latest/pokedex-development/src/pages/home/home.page.tsx","statementMap":{"0":{"start":{"line":12,"column":27},"end":{"line":96,"column":1}},"1":{"start":{"line":13,"column":44},"end":{"line":13,"column":68}},"2":{"start":{"line":14,"column":36},"end":{"line":14,"column":66}},"3":{"start":{"line":15,"column":46},"end":{"line":15,"column":70}},"4":{"start":{"line":17,"column":36},"end":{"line":17,"column":67}},"5":{"start":{"line":18,"column":60},"end":{"line":18,"column":65}},"6":{"start":{"line":20,"column":27},"end":{"line":31,"column":3}},"7":{"start":{"line":22,"column":6},"end":{"line":29,"column":8}},"8":{"start":{"line":23,"column":8},"end":{"line":28,"column":14}},"9":{"start":{"line":25,"column":12},"end":{"line":25,"column":34}},"10":{"start":{"line":26,"column":12},"end":{"line":26,"column":26}},"11":{"start":{"line":33,"column":30},"end":{"line":35,"column":3}},"12":{"start":{"line":34,"column":4},"end":{"line":34,"column":21}},"13":{"start":{"line":37,"column":22},"end":{"line":39,"column":3}},"14":{"start":{"line":38,"column":4},"end":{"line":38,"column":47}},"15":{"start":{"line":38,"column":35},"end":{"line":38,"column":45}},"16":{"start":{"line":41,"column":32},"end":{"line":43,"column":3}},"17":{"start":{"line":42,"column":4},"end":{"line":42,"column":32}},"18":{"start":{"line":45,"column":2},"end":{"line":95,"column":3}}},"fnMap":{"0":{"name":"(anonymous_0)","decl":{"start":{"line":12,"column":27},"end":{"line":12,"column":28}},"loc":{"start":{"line":12,"column":33},"end":{"line":96,"column":1}},"line":12},"1":{"name":"(anonymous_1)","decl":{"start":{"line":21,"column":4},"end":{"line":21,"column":5}},"loc":{"start":{"line":22,"column":6},"end":{"line":29,"column":8}},"line":22},"2":{"name":"(anonymous_2)","decl":{"start":{"line":22,"column":24},"end":{"line":22,"column":25}},"loc":{"start":{"line":23,"column":8},"end":{"line":28,"column":14}},"line":23},"3":{"name":"(anonymous_3)","decl":{"start":{"line":24,"column":58},"end":{"line":24,"column":59}},"loc":{"start":{"line":24,"column":64},"end":{"line":27,"column":11}},"line":24},"4":{"name":"(anonymous_4)","decl":{"start":{"line":33,"column":30},"end":{"line":33,"column":31}},"loc":{"start":{"line":33,"column":36},"end":{"line":35,"column":3}},"line":33},"5":{"name":"(anonymous_5)","decl":{"start":{"line":37,"column":22},"end":{"line":37,"column":23}},"loc":{"start":{"line":37,"column":28},"end":{"line":39,"column":3}},"line":37},"6":{"name":"(anonymous_6)","decl":{"start":{"line":38,"column":20},"end":{"line":38,"column":21}},"loc":{"start":{"line":38,"column":35},"end":{"line":38,"column":45}},"line":38},"7":{"name":"(anonymous_7)","decl":{"start":{"line":41,"column":32},"end":{"line":41,"column":33}},"loc":{"start":{"line":41,"column":55},"end":{"line":43,"column":3}},"line":41}},"branchMap":{"0":{"loc":{"start":{"line":71,"column":9},"end":{"line":83,"column":15}},"type":"binary-expr","locations":[{"start":{"line":71,"column":9},"end":{"line":71,"column":32}},{"start":{"line":71,"column":37},"end":{"line":83,"column":14}}],"line":71},"1":{"loc":{"start":{"line":76,"column":13},"end":{"line":76,"column":78}},"type":"binary-expr","locations":[{"start":{"line":76,"column":13},"end":{"line":76,"column":33}},{"start":{"line":76,"column":37},"end":{"line":76,"column":78}}],"line":76},"2":{"loc":{"start":{"line":78,"column":11},"end":{"line":82,"column":11}},"type":"binary-expr","locations":[{"start":{"line":78,"column":11},"end":{"line":78,"column":26}},{"start":{"line":79,"column":12},"end":{"line":81,"column":18}}],"line":78},"3":{"loc":{"start":{"line":84,"column":9},"end":{"line":86,"column":9}},"type":"binary-expr","locations":[{"start":{"line":84,"column":10},"end":{"line":84,"column":30}},{"start":{"line":85,"column":10},"end":{"line":85,"column":73}}],"line":84},"4":{"loc":{"start":{"line":87,"column":9},"end":{"line":89,"column":9}},"type":"binary-expr","locations":[{"start":{"line":87,"column":9},"end":{"line":87,"column":18}},{"start":{"line":88,"column":10},"end":{"line":88,"column":54}}],"line":87},"5":{"loc":{"start":{"line":91,"column":11},"end":{"line":91,"column":154}},"type":"binary-expr","locations":[{"start":{"line":91,"column":11},"end":{"line":91,"column":25}},{"start":{"line":91,"column":30},"end":{"line":91,"column":153}}],"line":91}},"s":{"0":2,"1":3,"2":2,"3":2,"4":2,"5":2,"6":2,"7":2,"8":1,"9":0,"10":0,"11":2,"12":1,"13":2,"14":0,"15":0,"16":2,"17":0,"18":2},"f":{"0":3,"1":2,"2":1,"3":0,"4":1,"5":0,"6":0,"7":0},"b":{"0":[2,1],"1":[1,0],"2":[1,1],"3":[2,1],"4":[2,2],"5":[2,0]},"_coverageSchema":"1a1c01bbd47fc00a2c39e90264f33305004495a9","hash":"2340c54e73079a923c114bb63d21cf9691dd80eb"}
,"/Users/deekatar/Documents/pokemon-latest/pokedex-development/src/services/common.service.ts": {"path":"/Users/deekatar/Documents/pokemon-latest/pokedex-development/src/services/common.service.ts","statementMap":{"0":{"start":{"line":4,"column":34},"end":{"line":4,"column":69}},"1":{"start":{"line":5,"column":37},"end":{"line":5,"column":68}},"2":{"start":{"line":7,"column":30},"end":{"line":11,"column":1}},"3":{"start":{"line":8,"column":19},"end":{"line":8,"column":47}},"4":{"start":{"line":9,"column":17},"end":{"line":9,"column":32}},"5":{"start":{"line":10,"column":2},"end":{"line":10,"column":16}},"6":{"start":{"line":13,"column":34},"end":{"line":17,"column":1}},"7":{"start":{"line":14,"column":19},"end":{"line":14,"column":67}},"8":{"start":{"line":15,"column":17},"end":{"line":15,"column":38}},"9":{"start":{"line":16,"column":2},"end":{"line":16,"column":16}},"10":{"start":{"line":19,"column":35},"end":{"line":23,"column":1}},"11":{"start":{"line":20,"column":19},"end":{"line":20,"column":56}},"12":{"start":{"line":21,"column":17},"end":{"line":21,"column":38}},"13":{"start":{"line":22,"column":2},"end":{"line":22,"column":16}},"14":{"start":{"line":25,"column":31},"end":{"line":29,"column":1}},"15":{"start":{"line":26,"column":19},"end":{"line":26,"column":49}},"16":{"start":{"line":27,"column":17},"end":{"line":27,"column":38}},"17":{"start":{"line":28,"column":2},"end":{"line":28,"column":16}},"18":{"start":{"line":31,"column":33},"end":{"line":35,"column":1}},"19":{"start":{"line":32,"column":19},"end":{"line":32,"column":51}},"20":{"start":{"line":33,"column":17},"end":{"line":33,"column":38}},"21":{"start":{"line":34,"column":2},"end":{"line":34,"column":16}},"22":{"start":{"line":37,"column":34},"end":{"line":41,"column":1}},"23":{"start":{"line":38,"column":19},"end":{"line":38,"column":59}},"24":{"start":{"line":39,"column":17},"end":{"line":39,"column":32}},"25":{"start":{"line":40,"column":2},"end":{"line":40,"column":16}},"26":{"start":{"line":43,"column":35},"end":{"line":47,"column":1}},"27":{"start":{"line":44,"column":19},"end":{"line":44,"column":35}},"28":{"start":{"line":45,"column":17},"end":{"line":45,"column":32}},"29":{"start":{"line":46,"column":2},"end":{"line":46,"column":16}},"30":{"start":{"line":49,"column":31},"end":{"line":54,"column":1}},"31":{"start":{"line":50,"column":10},"end":{"line":50,"column":24}},"32":{"start":{"line":51,"column":2},"end":{"line":51,"column":30}},"33":{"start":{"line":51,"column":14},"end":{"line":51,"column":30}},"34":{"start":{"line":52,"column":2},"end":{"line":52,"column":40}},"35":{"start":{"line":52,"column":25},"end":{"line":52,"column":40}},"36":{"start":{"line":53,"column":2},"end":{"line":53,"column":19}},"37":{"start":{"line":56,"column":34},"end":{"line":62,"column":1}},"38":{"start":{"line":57,"column":2},"end":{"line":61,"column":8}},"39":{"start":{"line":59,"column":18},"end":{"line":59,"column":34}},"40":{"start":{"line":60,"column":6},"end":{"line":60,"column":24}},"41":{"start":{"line":64,"column":33},"end":{"line":66,"column":1}},"42":{"start":{"line":65,"column":2},"end":{"line":65,"column":61}},"43":{"start":{"line":65,"column":36},"end":{"line":65,"column":48}}},"fnMap":{"0":{"name":"(anonymous_0)","decl":{"start":{"line":7,"column":30},"end":{"line":7,"column":31}},"loc":{"start":{"line":7,"column":56},"end":{"line":11,"column":1}},"line":7},"1":{"name":"(anonymous_1)","decl":{"start":{"line":13,"column":34},"end":{"line":13,"column":35}},"loc":{"start":{"line":13,"column":70},"end":{"line":17,"column":1}},"line":13},"2":{"name":"(anonymous_2)","decl":{"start":{"line":19,"column":35},"end":{"line":19,"column":36}},"loc":{"start":{"line":19,"column":71},"end":{"line":23,"column":1}},"line":19},"3":{"name":"(anonymous_3)","decl":{"start":{"line":25,"column":31},"end":{"line":25,"column":32}},"loc":{"start":{"line":25,"column":57},"end":{"line":29,"column":1}},"line":25},"4":{"name":"(anonymous_4)","decl":{"start":{"line":31,"column":33},"end":{"line":31,"column":34}},"loc":{"start":{"line":31,"column":59},"end":{"line":35,"column":1}},"line":31},"5":{"name":"(anonymous_5)","decl":{"start":{"line":37,"column":34},"end":{"line":37,"column":35}},"loc":{"start":{"line":37,"column":70},"end":{"line":41,"column":1}},"line":37},"6":{"name":"(anonymous_6)","decl":{"start":{"line":43,"column":35},"end":{"line":43,"column":36}},"loc":{"start":{"line":43,"column":72},"end":{"line":47,"column":1}},"line":43},"7":{"name":"(anonymous_7)","decl":{"start":{"line":49,"column":31},"end":{"line":49,"column":32}},"loc":{"start":{"line":49,"column":68},"end":{"line":54,"column":1}},"line":49},"8":{"name":"(anonymous_8)","decl":{"start":{"line":56,"column":34},"end":{"line":56,"column":35}},"loc":{"start":{"line":56,"column":79},"end":{"line":62,"column":1}},"line":56},"9":{"name":"(anonymous_9)","decl":{"start":{"line":58,"column":16},"end":{"line":58,"column":17}},"loc":{"start":{"line":58,"column":29},"end":{"line":61,"column":5}},"line":58},"10":{"name":"(anonymous_10)","decl":{"start":{"line":64,"column":33},"end":{"line":64,"column":34}},"loc":{"start":{"line":64,"column":70},"end":{"line":66,"column":1}},"line":64},"11":{"name":"(anonymous_11)","decl":{"start":{"line":65,"column":29},"end":{"line":65,"column":30}},"loc":{"start":{"line":65,"column":36},"end":{"line":65,"column":48}},"line":65}},"branchMap":{"0":{"loc":{"start":{"line":51,"column":2},"end":{"line":51,"column":30}},"type":"if","locations":[{"start":{"line":51,"column":2},"end":{"line":51,"column":30}},{"start":{},"end":{}}],"line":51},"1":{"loc":{"start":{"line":52,"column":2},"end":{"line":52,"column":40}},"type":"if","locations":[{"start":{"line":52,"column":2},"end":{"line":52,"column":40}},{"start":{},"end":{}}],"line":52},"2":{"loc":{"start":{"line":52,"column":6},"end":{"line":52,"column":23}},"type":"binary-expr","locations":[{"start":{"line":52,"column":6},"end":{"line":52,"column":12}},{"start":{"line":52,"column":16},"end":{"line":52,"column":23}}],"line":52}},"s":{"0":6,"1":6,"2":6,"3":1,"4":1,"5":1,"6":6,"7":1,"8":1,"9":1,"10":6,"11":1,"12":1,"13":1,"14":6,"15":3,"16":1,"17":1,"18":6,"19":3,"20":1,"21":1,"22":6,"23":1,"24":1,"25":1,"26":6,"27":1,"28":1,"29":1,"30":6,"31":18,"32":18,"33":8,"34":10,"35":9,"36":1,"37":6,"38":1,"39":2,"40":2,"41":6,"42":1,"43":3},"f":{"0":1,"1":1,"2":1,"3":3,"4":3,"5":1,"6":1,"7":18,"8":1,"9":2,"10":1,"11":3},"b":{"0":[8,10],"1":[9,1],"2":[10,10]},"_coverageSchema":"1a1c01bbd47fc00a2c39e90264f33305004495a9","hash":"948a76f4d65c44bec6264ac665b2a53a15aceb27"}
,"/Users/deekatar/Documents/pokemon-latest/pokedex-development/src/store/actions/pokemonAction.ts": {"path":"/Users/deekatar/Documents/pokemon-latest/pokedex-development/src/store/actions/pokemonAction.ts","statementMap":{"0":{"start":{"line":1,"column":32},"end":{"line":1,"column":50}},"1":{"start":{"line":2,"column":32},"end":{"line":2,"column":50}},"2":{"start":{"line":4,"column":36},"end":{"line":4,"column":58}},"3":{"start":{"line":7,"column":33},"end":{"line":7,"column":52}},"4":{"start":{"line":8,"column":33},"end":{"line":8,"column":52}},"5":{"start":{"line":10,"column":30},"end":{"line":10,"column":46}},"6":{"start":{"line":13,"column":34},"end":{"line":13,"column":54}},"7":{"start":{"line":14,"column":39},"end":{"line":14,"column":60}}},"fnMap":{},"branchMap":{},"s":{"0":1,"1":1,"2":1,"3":1,"4":1,"5":1,"6":1,"7":1},"f":{},"b":{},"_coverageSchema":"1a1c01bbd47fc00a2c39e90264f33305004495a9","hash":"d186748e0e456c4b08b7a905eb71871d772bc5e9"}
,"/Users/deekatar/Documents/pokemon-latest/pokedex-development/src/store/reducers/reducer.ts": {"path":"/Users/deekatar/Documents/pokemon-latest/pokedex-development/src/store/reducers/reducer.ts","statementMap":{"0":{"start":{"line":4,"column":33},"end":{"line":13,"column":1}},"1":{"start":{"line":16,"column":23},"end":{"line":68,"column":1}},"2":{"start":{"line":18,"column":4},"end":{"line":66,"column":5}},"3":{"start":{"line":20,"column":12},"end":{"line":22,"column":14}},"4":{"start":{"line":24,"column":12},"end":{"line":26,"column":14}},"5":{"start":{"line":28,"column":12},"end":{"line":30,"column":14}},"6":{"start":{"line":32,"column":12},"end":{"line":34,"column":14}},"7":{"start":{"line":37,"column":12},"end":{"line":39,"column":14}},"8":{"start":{"line":42,"column":12},"end":{"line":44,"column":14}},"9":{"start":{"line":46,"column":12},"end":{"line":48,"column":14}},"10":{"start":{"line":51,"column":12},"end":{"line":53,"column":14}},"11":{"start":{"line":55,"column":12},"end":{"line":57,"column":14}},"12":{"start":{"line":59,"column":12},"end":{"line":61,"column":14}},"13":{"start":{"line":64,"column":12},"end":{"line":64,"column":24}}},"fnMap":{"0":{"name":"(anonymous_0)","decl":{"start":{"line":16,"column":23},"end":{"line":16,"column":24}},"loc":{"start":{"line":16,"column":52},"end":{"line":68,"column":1}},"line":16}},"branchMap":{"0":{"loc":{"start":{"line":18,"column":4},"end":{"line":66,"column":5}},"type":"switch","locations":[{"start":{"line":19,"column":8},"end":{"line":22,"column":14}},{"start":{"line":23,"column":8},"end":{"line":26,"column":14}},{"start":{"line":27,"column":8},"end":{"line":30,"column":14}},{"start":{"line":31,"column":8},"end":{"line":34,"column":14}},{"start":{"line":36,"column":8},"end":{"line":39,"column":14}},{"start":{"line":41,"column":8},"end":{"line":44,"column":14}},{"start":{"line":45,"column":8},"end":{"line":48,"column":14}},{"start":{"line":50,"column":8},"end":{"line":53,"column":14}},{"start":{"line":54,"column":8},"end":{"line":57,"column":14}},{"start":{"line":58,"column":8},"end":{"line":61,"column":14}},{"start":{"line":63,"column":8},"end":{"line":64,"column":24}}],"line":18}},"s":{"0":5,"1":5,"2":47,"3":8,"4":7,"5":1,"6":1,"7":1,"8":8,"9":17,"10":1,"11":1,"12":1,"13":1},"f":{"0":47},"b":{"0":[8,7,1,1,1,8,17,1,1,1,1]},"_coverageSchema":"1a1c01bbd47fc00a2c39e90264f33305004495a9","hash":"7c72e5317e7b769e61612a27ab093128a75598e8"}
}
