TN:
SF:src/App.tsx
FN:8,(anonymous_0)
FN:9,(anonymous_1)
FN:11,App
FNF:3
FNH:2
FNDA:1,(anonymous_0)
FNDA:0,(anonymous_1)
FNDA:1,App
DA:8,1
DA:9,1
DA:12,1
LF:3
LH:3
BRF:0
BRH:0
end_of_record
TN:
SF:src/declarations.d.ts
FNF:0
FNH:0
LF:0
LH:0
BRF:0
BRH:0
end_of_record
TN:
SF:src/components/filter/filter.tsx
FN:17,(anonymous_0)
FN:23,(anonymous_1)
FN:24,(anonymous_2)
FN:25,(anonymous_3)
FN:26,(anonymous_4)
FN:27,(anonymous_5)
FN:32,(anonymous_6)
FN:41,(anonymous_7)
FN:41,(anonymous_8)
FN:48,(anonymous_9)
FN:52,(anonymous_10)
FN:56,(anonymous_11)
FN:60,(anonymous_12)
FN:61,(anonymous_13)
FN:62,(anonymous_14)
FN:67,(anonymous_15)
FN:68,(anonymous_16)
FN:75,(anonymous_17)
FN:79,(anonymous_18)
FN:80,(anonymous_19)
FN:81,(anonymous_20)
FN:86,(anonymous_21)
FN:87,(anonymous_22)
FN:88,(anonymous_23)
FN:95,(anonymous_24)
FN:101,(anonymous_25)
FN:103,(anonymous_26)
FN:115,(anonymous_27)
FN:116,(anonymous_28)
FN:129,(anonymous_29)
FN:130,(anonymous_30)
FN:132,(anonymous_31)
FN:134,(anonymous_32)
FN:135,(anonymous_33)
FN:137,(anonymous_34)
FN:139,(anonymous_35)
FNF:36
FNH:36
FNDA:36,(anonymous_0)
FNDA:1,(anonymous_1)
FNDA:1,(anonymous_2)
FNDA:1,(anonymous_3)
FNDA:1,(anonymous_4)
FNDA:3,(anonymous_5)
FNDA:7,(anonymous_6)
FNDA:7,(anonymous_7)
FNDA:1018,(anonymous_8)
FNDA:7,(anonymous_9)
FNDA:5,(anonymous_10)
FNDA:6,(anonymous_11)
FNDA:3,(anonymous_12)
FNDA:1002,(anonymous_13)
FNDA:1002,(anonymous_14)
FNDA:2,(anonymous_15)
FNDA:2,(anonymous_16)
FNDA:4,(anonymous_17)
FNDA:2,(anonymous_18)
FNDA:2,(anonymous_19)
FNDA:1001,(anonymous_20)
FNDA:61,(anonymous_21)
FNDA:1,(anonymous_22)
FNDA:2,(anonymous_23)
FNDA:13,(anonymous_24)
FNDA:28,(anonymous_25)
FNDA:2,(anonymous_26)
FNDA:28,(anonymous_27)
FNDA:2,(anonymous_28)
FNDA:31,(anonymous_29)
FNDA:28,(anonymous_30)
FNDA:1,(anonymous_31)
FNDA:31,(anonymous_32)
FNDA:28,(anonymous_33)
FNDA:1,(anonymous_34)
FNDA:31,(anonymous_35)
DA:17,3
DA:18,36
DA:19,35
DA:20,35
DA:21,35
DA:22,35
DA:23,35
DA:24,35
DA:25,35
DA:26,35
DA:27,35
DA:28,3
DA:29,3
DA:32,35
DA:33,7
DA:34,7
DA:35,7
DA:36,7
DA:37,5
DA:38,5
DA:41,1018
DA:44,2
DA:45,2
DA:46,2
DA:48,7
DA:49,7
DA:50,1
DA:52,7
DA:54,7
DA:56,35
DA:57,6
DA:58,6
DA:59,4
DA:60,4
DA:61,1002
DA:62,1002
DA:63,3
DA:64,3
DA:65,1
DA:67,3
DA:68,2
DA:70,2
DA:71,2
DA:72,2
DA:75,35
DA:76,4
DA:77,4
DA:78,3
DA:79,3
DA:80,2
DA:81,1001
DA:82,2
DA:83,2
DA:84,1
DA:86,61
DA:87,2
DA:88,2
DA:90,1
DA:91,1
DA:92,1
DA:95,35
DA:96,13
DA:101,35
DA:102,28
DA:103,2
DA:104,1
DA:109,27
DA:115,35
DA:116,28
DA:117,28
DA:118,1
DA:123,27
DA:129,35
DA:130,31
DA:131,28
DA:132,1
DA:134,35
DA:135,31
DA:136,28
DA:137,1
DA:139,35
DA:140,31
DA:141,31
DA:143,35
LF:84
LH:84
BRDA:28,0,0,3
BRDA:28,0,1,0
BRDA:36,1,0,5
BRDA:36,1,1,2
BRDA:49,2,0,1
BRDA:49,2,1,6
BRDA:58,3,0,4
BRDA:58,3,1,2
BRDA:64,4,0,1
BRDA:64,4,1,2
BRDA:77,5,0,3
BRDA:77,5,1,1
BRDA:83,6,0,1
BRDA:83,6,1,1
BRDA:102,7,0,1
BRDA:102,7,1,27
BRDA:117,8,0,1
BRDA:117,8,1,27
BRF:18
BRH:17
end_of_record
TN:
SF:src/components/filter/multiSelectdropDown/multiSelectdropDown.tsx
FN:17,(anonymous_0)
FN:18,(anonymous_1)
FNF:2
FNH:2
FNDA:71,(anonymous_0)
FNDA:3,(anonymous_1)
DA:17,4
DA:18,71
DA:19,3
DA:21,71
LF:4
LH:4
BRDA:19,0,0,3
BRDA:19,0,1,0
BRDA:25,1,0,2
BRDA:25,1,1,69
BRF:4
BRH:3
end_of_record
TN:
SF:src/components/filter/search/search.filter.tsx
FN:15,(anonymous_0)
FNF:1
FNH:1
FNDA:36,(anonymous_0)
DA:15,4
DA:16,36
LF:2
LH:2
BRF:0
BRH:0
end_of_record
TN:
SF:src/components/header/header.tsx
FN:8,(anonymous_0)
FNF:1
FNH:1
FNDA:3,(anonymous_0)
DA:8,3
DA:9,3
LF:2
LH:2
BRF:0
BRH:0
end_of_record
TN:
SF:src/components/loader/loader.tsx
FN:8,(anonymous_0)
FNF:1
FNH:1
FNDA:3,(anonymous_0)
DA:8,3
DA:9,3
LF:2
LH:2
BRF:0
BRH:0
end_of_record
TN:
SF:src/components/pokemonCard/pokemonCard.tsx
FN:12,(anonymous_0)
FNF:1
FNH:1
FNDA:57,(anonymous_0)
DA:12,6
DA:13,57
LF:2
LH:2
BRDA:12,0,0,2
BRDA:19,1,0,57
BRDA:19,1,1,57
BRDA:19,1,2,10
BRDA:20,2,0,10
BRDA:20,2,1,10
BRDA:23,3,0,57
BRDA:23,3,1,0
BRDA:24,4,0,57
BRDA:24,4,1,0
BRF:10
BRH:8
end_of_record
TN:
SF:src/components/pokemonDetailsCard/colorfulTags/colorfulTag.tsx
FN:11,(anonymous_0)
FNF:1
FNH:1
FNDA:38,(anonymous_0)
DA:11,4
DA:12,38
LF:2
LH:2
BRF:0
BRH:0
end_of_record
TN:
SF:src/components/pokemonDetailsCard/detailsHeader/detailsHeader.tsx
FN:20,(anonymous_0)
FN:21,(anonymous_1)
FN:47,(anonymous_2)
FN:48,(anonymous_3)
FN:49,(anonymous_4)
FNF:5
FNH:2
FNDA:16,(anonymous_0)
FNDA:34,(anonymous_1)
FNDA:0,(anonymous_2)
FNDA:0,(anonymous_3)
FNDA:0,(anonymous_4)
DA:20,4
DA:21,16
DA:22,34
DA:23,32
DA:25,2
DA:28,16
LF:6
LH:6
BRDA:22,0,0,32
BRDA:22,0,1,2
BRDA:22,1,0,34
BRDA:22,1,1,32
BRDA:56,2,0,16
BRDA:56,2,1,2
BRF:6
BRH:6
end_of_record
TN:
SF:src/components/pokemonDetailsCard/evolutionChainCard/evolutionChainCard.tsx
FN:11,(anonymous_0)
FN:18,(anonymous_1)
FN:28,(anonymous_2)
FNF:3
FNH:2
FNDA:13,(anonymous_0)
FNDA:39,(anonymous_1)
FNDA:0,(anonymous_2)
DA:11,4
DA:12,13
DA:14,13
DA:19,39
LF:4
LH:4
BRDA:25,0,0,39
BRDA:25,0,1,26
BRF:2
BRH:2
end_of_record
TN:
SF:src/components/pokemonDetailsCard/propertyCard/propertyCard.tsx
FN:14,(anonymous_0)
FN:40,(anonymous_1)
FN:50,(anonymous_2)
FN:60,(anonymous_3)
FN:71,(anonymous_4)
FNF:5
FNH:5
FNDA:13,(anonymous_0)
FNDA:25,(anonymous_1)
FNDA:25,(anonymous_2)
FNDA:13,(anonymous_3)
FNDA:25,(anonymous_4)
DA:14,4
DA:15,13
DA:40,25
DA:50,25
DA:61,13
DA:72,25
LF:6
LH:6
BRDA:40,0,0,13
BRDA:40,0,1,13
BRDA:41,1,0,25
BRDA:41,1,1,12
BRDA:50,2,0,13
BRDA:50,2,1,13
BRDA:51,3,0,25
BRDA:51,3,1,12
BRDA:60,4,0,13
BRDA:60,4,1,13
BRDA:71,5,0,13
BRDA:71,5,1,13
BRF:12
BRH:12
end_of_record
TN:
SF:src/components/pokemonDetailsCard/statCard/statCard.tsx
FN:10,(anonymous_0)
FN:11,(anonymous_1)
FN:30,(anonymous_2)
FNF:3
FNH:3
FNDA:13,(anonymous_0)
FNDA:26,(anonymous_1)
FNDA:26,(anonymous_2)
DA:10,4
DA:11,13
DA:12,26
DA:13,13
DA:15,13
DA:16,13
DA:17,12
DA:20,13
DA:30,26
LF:9
LH:9
BRDA:12,0,0,13
BRDA:12,0,1,13
BRDA:16,1,0,1
BRDA:16,1,1,12
BRDA:16,2,0,13
BRDA:16,2,1,1
BRDA:30,3,0,13
BRDA:30,3,1,13
BRF:8
BRH:8
end_of_record
TN:
SF:src/constants/apiUrls.ts
FNF:0
FNH:0
DA:1,7
DA:2,7
DA:3,7
LF:3
LH:3
BRF:0
BRH:0
end_of_record
TN:
SF:src/constants/pokemon.types.ts
FN:84,(anonymous_0)
FN:88,(anonymous_1)
FN:108,(anonymous_2)
FN:111,(anonymous_3)
FN:122,(anonymous_4)
FNF:5
FNH:5
FNDA:100,(anonymous_0)
FNDA:59,(anonymous_1)
FNDA:33,(anonymous_2)
FNDA:33,(anonymous_3)
FNDA:107,(anonymous_4)
DA:1,10
DA:84,10
DA:85,100
DA:88,10
DA:89,59
DA:90,1
DA:93,58
DA:94,58
DA:95,0
DA:98,58
DA:99,1
DA:100,1
DA:101,1
DA:105,57
DA:108,10
DA:109,33
DA:110,31
DA:111,31
DA:112,33
DA:113,31
DA:114,31
DA:116,2
DA:119,2
DA:122,10
DA:123,107
DA:124,106
LF:26
LH:25
BRDA:85,0,0,99
BRDA:85,0,1,1
BRDA:89,1,0,1
BRDA:89,1,1,58
BRDA:89,2,0,59
BRDA:89,2,1,58
BRDA:94,3,0,0
BRDA:94,3,1,58
BRDA:98,4,0,1
BRDA:98,4,1,57
BRDA:100,5,0,1
BRDA:100,5,1,0
BRDA:108,6,0,0
BRDA:109,7,0,31
BRDA:109,7,1,2
BRDA:112,8,0,31
BRDA:112,8,1,2
BRDA:112,9,0,33
BRDA:112,9,1,32
BRDA:122,10,0,0
BRDA:123,11,0,1
BRDA:123,11,1,106
BRF:22
BRH:18
end_of_record
TN:
SF:src/constants/routepaths.ts
FNF:0
FNH:0
DA:1,1
LF:1
LH:1
BRF:0
BRH:0
end_of_record
TN:
SF:src/context/pokemonContext/pokemon.provider.tsx
FN:9,(anonymous_0)
FN:16,(anonymous_1)
FN:22,(anonymous_2)
FN:29,(anonymous_3)
FN:44,(anonymous_4)
FN:46,(anonymous_5)
FN:55,(anonymous_6)
FN:64,(anonymous_7)
FN:71,(anonymous_8)
FN:72,(anonymous_9)
FNF:10
FNH:10
FNDA:24,(anonymous_0)
FNDA:8,(anonymous_1)
FNDA:17,(anonymous_2)
FNDA:9,(anonymous_3)
FNDA:8,(anonymous_4)
FNDA:16,(anonymous_5)
FNDA:8,(anonymous_6)
FNDA:8,(anonymous_7)
FNDA:8,(anonymous_8)
FNDA:7,(anonymous_9)
DA:9,2
DA:10,24
DA:11,24
DA:13,24
DA:14,24
DA:16,24
DA:17,8
DA:22,24
DA:23,17
DA:29,24
DA:30,9
DA:31,1
DA:33,9
DA:34,9
DA:35,9
DA:36,8
DA:38,8
DA:39,8
DA:40,8
DA:41,8
DA:44,24
DA:45,8
DA:47,16
DA:48,16
DA:49,16
DA:52,8
DA:55,24
DA:56,8
DA:57,7
DA:58,7
DA:64,24
DA:65,8
DA:71,24
DA:72,8
DA:73,8
DA:76,24
LF:36
LH:36
BRDA:29,0,0,8
BRDA:30,1,0,1
BRDA:30,1,1,8
BRDA:33,2,0,0
BRDA:33,2,1,9
BRDA:72,3,0,7
BRDA:72,3,1,7
BRF:7
BRH:6
end_of_record
TN:
SF:src/context/pokemonContext/pokmon.context.ts
FNF:0
FNH:0
DA:4,4
LF:1
LH:1
BRF:0
BRH:0
end_of_record
TN:
SF:src/hooks/tooltip/tooltip.tsx
FN:5,(anonymous_0)
FN:9,(anonymous_1)
FN:14,(anonymous_2)
FN:34,(anonymous_3)
FN:50,(anonymous_4)
FNF:5
FNH:4
FNDA:5,(anonymous_0)
FNDA:2,(anonymous_1)
FNDA:1,(anonymous_2)
FNDA:0,(anonymous_3)
FNDA:2,(anonymous_4)
DA:5,5
DA:6,5
DA:7,5
DA:9,5
DA:10,2
DA:11,2
DA:14,5
DA:15,1
DA:16,1
DA:19,5
DA:34,5
DA:35,0
DA:50,5
DA:51,2
LF:14
LH:13
BRF:0
BRH:0
end_of_record
TN:
SF:src/pages/details/details.page.tsx
FN:10,(anonymous_0)
FN:12,(anonymous_1)
FN:19,(anonymous_2)
FN:21,setPokemonDetails
FN:33,(anonymous_4)
FN:37,(anonymous_5)
FN:42,(anonymous_6)
FN:53,(anonymous_7)
FNF:8
FNH:5
FNDA:21,(anonymous_0)
FNDA:0,(anonymous_1)
FNDA:10,(anonymous_2)
FNDA:10,setPokemonDetails
FNDA:1,(anonymous_4)
FNDA:1,(anonymous_5)
FNDA:0,(anonymous_6)
FNDA:0,(anonymous_7)
DA:10,3
DA:11,21
DA:12,21
DA:13,21
DA:14,21
DA:15,21
DA:16,21
DA:17,21
DA:19,21
DA:20,10
DA:21,10
DA:22,10
DA:23,10
DA:24,10
DA:25,10
DA:26,10
DA:27,10
DA:28,10
DA:29,10
DA:33,21
DA:34,1
DA:35,1
DA:37,21
DA:38,1
DA:39,0
DA:42,21
DA:43,0
DA:46,21
DA:54,0
LF:29
LH:26
BRDA:20,0,0,0
BRDA:20,0,1,10
BRDA:34,1,0,0
BRDA:34,1,1,1
BRDA:38,2,0,1
BRDA:38,2,1,0
BRDA:57,3,0,12
BRDA:57,3,1,9
BRDA:61,4,0,12
BRDA:61,4,1,1
BRDA:62,5,0,12
BRDA:62,5,1,11
BRDA:68,6,0,12
BRDA:68,6,1,12
BRDA:71,7,0,12
BRDA:71,7,1,12
BRF:16
BRH:13
end_of_record
TN:
SF:src/pages/home/home.page.tsx
FN:12,(anonymous_0)
FN:21,(anonymous_1)
FN:22,(anonymous_2)
FN:24,(anonymous_3)
FN:33,(anonymous_4)
FN:37,(anonymous_5)
FN:38,(anonymous_6)
FN:41,(anonymous_7)
FNF:8
FNH:4
FNDA:3,(anonymous_0)
FNDA:2,(anonymous_1)
FNDA:1,(anonymous_2)
FNDA:0,(anonymous_3)
FNDA:1,(anonymous_4)
FNDA:0,(anonymous_5)
FNDA:0,(anonymous_6)
FNDA:0,(anonymous_7)
DA:12,2
DA:13,3
DA:14,2
DA:15,2
DA:17,2
DA:18,2
DA:20,2
DA:22,2
DA:23,1
DA:25,0
DA:26,0
DA:33,2
DA:34,1
DA:37,2
DA:38,0
DA:41,2
DA:42,0
DA:45,2
LF:18
LH:14
BRDA:71,0,0,2
BRDA:71,0,1,1
BRDA:76,1,0,1
BRDA:76,1,1,0
BRDA:78,2,0,1
BRDA:78,2,1,1
BRDA:84,3,0,2
BRDA:84,3,1,1
BRDA:87,4,0,2
BRDA:87,4,1,2
BRDA:91,5,0,2
BRDA:91,5,1,0
BRF:12
BRH:10
end_of_record
TN:
SF:src/services/common.service.ts
FN:7,(anonymous_0)
FN:13,(anonymous_1)
FN:19,(anonymous_2)
FN:25,(anonymous_3)
FN:31,(anonymous_4)
FN:37,(anonymous_5)
FN:43,(anonymous_6)
FN:49,(anonymous_7)
FN:56,(anonymous_8)
FN:58,(anonymous_9)
FN:64,(anonymous_10)
FN:65,(anonymous_11)
FNF:12
FNH:12
FNDA:1,(anonymous_0)
FNDA:1,(anonymous_1)
FNDA:1,(anonymous_2)
FNDA:3,(anonymous_3)
FNDA:3,(anonymous_4)
FNDA:1,(anonymous_5)
FNDA:1,(anonymous_6)
FNDA:18,(anonymous_7)
FNDA:1,(anonymous_8)
FNDA:2,(anonymous_9)
FNDA:1,(anonymous_10)
FNDA:3,(anonymous_11)
DA:4,6
DA:5,6
DA:7,6
DA:8,1
DA:9,1
DA:10,1
DA:13,6
DA:14,1
DA:15,1
DA:16,1
DA:19,6
DA:20,1
DA:21,1
DA:22,1
DA:25,6
DA:26,3
DA:27,1
DA:28,1
DA:31,6
DA:32,3
DA:33,1
DA:34,1
DA:37,6
DA:38,1
DA:39,1
DA:40,1
DA:43,6
DA:44,1
DA:45,1
DA:46,1
DA:49,6
DA:50,18
DA:51,18
DA:52,10
DA:53,1
DA:56,6
DA:57,1
DA:59,2
DA:60,2
DA:64,6
DA:65,3
LF:41
LH:41
BRDA:51,0,0,8
BRDA:51,0,1,10
BRDA:52,1,0,9
BRDA:52,1,1,1
BRDA:52,2,0,10
BRDA:52,2,1,10
BRF:6
BRH:6
end_of_record
TN:
SF:src/store/actions/pokemonAction.ts
FNF:0
FNH:0
DA:1,1
DA:2,1
DA:4,1
DA:7,1
DA:8,1
DA:10,1
DA:13,1
DA:14,1
LF:8
LH:8
BRF:0
BRH:0
end_of_record
TN:
SF:src/store/reducers/reducer.ts
FN:16,(anonymous_0)
FNF:1
FNH:1
FNDA:47,(anonymous_0)
DA:4,5
DA:16,5
DA:18,47
DA:20,8
DA:24,7
DA:28,1
DA:32,1
DA:37,1
DA:42,8
DA:46,17
DA:51,1
DA:55,1
DA:59,1
DA:64,1
LF:14
LH:14
BRDA:18,0,0,8
BRDA:18,0,1,7
BRDA:18,0,2,1
BRDA:18,0,3,1
BRDA:18,0,4,1
BRDA:18,0,5,8
BRDA:18,0,6,17
BRDA:18,0,7,1
BRDA:18,0,8,1
BRDA:18,0,9,1
BRDA:18,0,10,1
BRF:11
BRH:11
end_of_record
